ARM GAS  /var/folders/7j/7n_15nxd0bx4q178nq7r8qsr0000gn/T//ccrVaF8v.s 			page 1


   1              		.cpu cortex-m7
   2              		.arch armv7e-m
   3              		.fpu fpv5-d16
   4              		.eabi_attribute 28, 1
   5              		.eabi_attribute 20, 1
   6              		.eabi_attribute 21, 1
   7              		.eabi_attribute 23, 3
   8              		.eabi_attribute 24, 1
   9              		.eabi_attribute 25, 1
  10              		.eabi_attribute 26, 1
  11              		.eabi_attribute 30, 4
  12              		.eabi_attribute 34, 1
  13              		.eabi_attribute 18, 4
  14              		.file	"rosic_AnalogEnvelope.cpp"
  15              		.text
  16              	.Ltext0:
  17              		.cfi_sections	.debug_frame
  18              		.file 1 "open303/Source/DSPCode/rosic_AnalogEnvelope.cpp"
  19              		.section	.text._ZN5rosic14AnalogEnvelopeD2Ev,"ax",%progbits
  20              		.align	1
  21              		.global	_ZN5rosic14AnalogEnvelopeD2Ev
  22              		.syntax unified
  23              		.thumb
  24              		.thumb_func
  26              	_ZN5rosic14AnalogEnvelopeD2Ev:
  27              	.LVL0:
  28              	.LFB642:
   1:open303/Source/DSPCode/rosic_AnalogEnvelope.cpp **** #include "rosic_AnalogEnvelope.h"
   2:open303/Source/DSPCode/rosic_AnalogEnvelope.cpp **** using namespace rosic;
   3:open303/Source/DSPCode/rosic_AnalogEnvelope.cpp **** 
   4:open303/Source/DSPCode/rosic_AnalogEnvelope.cpp **** //-------------------------------------------------------------------------------------------------
   5:open303/Source/DSPCode/rosic_AnalogEnvelope.cpp **** // construction/destruction:
   6:open303/Source/DSPCode/rosic_AnalogEnvelope.cpp **** 
   7:open303/Source/DSPCode/rosic_AnalogEnvelope.cpp **** AnalogEnvelope::AnalogEnvelope()
   8:open303/Source/DSPCode/rosic_AnalogEnvelope.cpp **** {
   9:open303/Source/DSPCode/rosic_AnalogEnvelope.cpp ****   sampleRate     = 44100.0;
  10:open303/Source/DSPCode/rosic_AnalogEnvelope.cpp ****   startLevel     = 0.0;
  11:open303/Source/DSPCode/rosic_AnalogEnvelope.cpp ****   attackTime     = 0.0;
  12:open303/Source/DSPCode/rosic_AnalogEnvelope.cpp ****   peakLevel      = 1.0;
  13:open303/Source/DSPCode/rosic_AnalogEnvelope.cpp ****   holdTime       = 0.0;
  14:open303/Source/DSPCode/rosic_AnalogEnvelope.cpp ****   decayTime      = 0.1;
  15:open303/Source/DSPCode/rosic_AnalogEnvelope.cpp ****   sustainLevel   = 0.5;
  16:open303/Source/DSPCode/rosic_AnalogEnvelope.cpp ****   releaseTime    = 0.01;
  17:open303/Source/DSPCode/rosic_AnalogEnvelope.cpp ****   endLevel       = 0.0;
  18:open303/Source/DSPCode/rosic_AnalogEnvelope.cpp ****   time           = 0.0;
  19:open303/Source/DSPCode/rosic_AnalogEnvelope.cpp ****   timeScale      = 1.0;
  20:open303/Source/DSPCode/rosic_AnalogEnvelope.cpp ****   peakByVel      = 1.0;
  21:open303/Source/DSPCode/rosic_AnalogEnvelope.cpp ****   peakByKey      = 1.0;
  22:open303/Source/DSPCode/rosic_AnalogEnvelope.cpp ****   timeScaleByVel = 1.0;
  23:open303/Source/DSPCode/rosic_AnalogEnvelope.cpp ****   timeScaleByKey = 1.0;
  24:open303/Source/DSPCode/rosic_AnalogEnvelope.cpp ****   increment      = 1000.0*timeScale/sampleRate;
  25:open303/Source/DSPCode/rosic_AnalogEnvelope.cpp ****   tauScale       = 1.0;
  26:open303/Source/DSPCode/rosic_AnalogEnvelope.cpp ****   peakScale      = 1.0;
  27:open303/Source/DSPCode/rosic_AnalogEnvelope.cpp ****   noteIsOn       = false;
  28:open303/Source/DSPCode/rosic_AnalogEnvelope.cpp ****   outputIsZero   = true;
  29:open303/Source/DSPCode/rosic_AnalogEnvelope.cpp **** 
  30:open303/Source/DSPCode/rosic_AnalogEnvelope.cpp ****   previousOutput = 0.0;
ARM GAS  /var/folders/7j/7n_15nxd0bx4q178nq7r8qsr0000gn/T//ccrVaF8v.s 			page 2


  31:open303/Source/DSPCode/rosic_AnalogEnvelope.cpp **** 
  32:open303/Source/DSPCode/rosic_AnalogEnvelope.cpp ****   // call these functions to trigger the coefficient calculations:
  33:open303/Source/DSPCode/rosic_AnalogEnvelope.cpp ****   setAttack(attackTime);
  34:open303/Source/DSPCode/rosic_AnalogEnvelope.cpp ****   setDecay(decayTime);
  35:open303/Source/DSPCode/rosic_AnalogEnvelope.cpp ****   setRelease(releaseTime);
  36:open303/Source/DSPCode/rosic_AnalogEnvelope.cpp **** }
  37:open303/Source/DSPCode/rosic_AnalogEnvelope.cpp **** 
  38:open303/Source/DSPCode/rosic_AnalogEnvelope.cpp **** AnalogEnvelope::~AnalogEnvelope()
  29              		.loc 1 38 1 view -0
  30              		.cfi_startproc
  31              		@ args = 0, pretend = 0, frame = 0
  32              		@ frame_needed = 0, uses_anonymous_args = 0
  33              		@ link register save eliminated.
  39:open303/Source/DSPCode/rosic_AnalogEnvelope.cpp **** {
  40:open303/Source/DSPCode/rosic_AnalogEnvelope.cpp **** 
  41:open303/Source/DSPCode/rosic_AnalogEnvelope.cpp **** }
  34              		.loc 1 41 1 is_stmt 0 view .LVU1
  35 0000 7047     		bx	lr
  36              		.cfi_endproc
  37              	.LFE642:
  39              		.global	_ZN5rosic14AnalogEnvelopeD1Ev
  40              		.thumb_set _ZN5rosic14AnalogEnvelopeD1Ev,_ZN5rosic14AnalogEnvelopeD2Ev
  41              		.section	.text._ZN5rosic14AnalogEnvelope12setPeakScaleEd,"ax",%progbits
  42              		.align	1
  43              		.global	_ZN5rosic14AnalogEnvelope12setPeakScaleEd
  44              		.syntax unified
  45              		.thumb
  46              		.thumb_func
  48              	_ZN5rosic14AnalogEnvelope12setPeakScaleEd:
  49              	.LVL1:
  50              	.LFB651:
  42:open303/Source/DSPCode/rosic_AnalogEnvelope.cpp **** 
  43:open303/Source/DSPCode/rosic_AnalogEnvelope.cpp **** //-------------------------------------------------------------------------------------------------
  44:open303/Source/DSPCode/rosic_AnalogEnvelope.cpp **** // parameter settings:
  45:open303/Source/DSPCode/rosic_AnalogEnvelope.cpp **** 
  46:open303/Source/DSPCode/rosic_AnalogEnvelope.cpp **** void AnalogEnvelope::setSampleRate(double newSampleRate)
  47:open303/Source/DSPCode/rosic_AnalogEnvelope.cpp **** {
  48:open303/Source/DSPCode/rosic_AnalogEnvelope.cpp ****   if( newSampleRate > 0.0 )
  49:open303/Source/DSPCode/rosic_AnalogEnvelope.cpp ****     sampleRate = newSampleRate;
  50:open303/Source/DSPCode/rosic_AnalogEnvelope.cpp **** 
  51:open303/Source/DSPCode/rosic_AnalogEnvelope.cpp ****   // adjust time increment:
  52:open303/Source/DSPCode/rosic_AnalogEnvelope.cpp ****   increment = 1000.0*timeScale/sampleRate;
  53:open303/Source/DSPCode/rosic_AnalogEnvelope.cpp **** 
  54:open303/Source/DSPCode/rosic_AnalogEnvelope.cpp ****   //re-calculate coefficients for the 3 filters:
  55:open303/Source/DSPCode/rosic_AnalogEnvelope.cpp ****   setAttack (attackTime);
  56:open303/Source/DSPCode/rosic_AnalogEnvelope.cpp ****   setDecay  (decayTime);
  57:open303/Source/DSPCode/rosic_AnalogEnvelope.cpp ****   setRelease(releaseTime);
  58:open303/Source/DSPCode/rosic_AnalogEnvelope.cpp **** }
  59:open303/Source/DSPCode/rosic_AnalogEnvelope.cpp **** 
  60:open303/Source/DSPCode/rosic_AnalogEnvelope.cpp **** void AnalogEnvelope::setAttack(double newAttackTime)
  61:open303/Source/DSPCode/rosic_AnalogEnvelope.cpp **** {
  62:open303/Source/DSPCode/rosic_AnalogEnvelope.cpp ****   if( newAttackTime > 0.0 )
  63:open303/Source/DSPCode/rosic_AnalogEnvelope.cpp ****   {
  64:open303/Source/DSPCode/rosic_AnalogEnvelope.cpp ****     attackTime  = newAttackTime;
  65:open303/Source/DSPCode/rosic_AnalogEnvelope.cpp ****     double tau  = (sampleRate*0.001*attackTime) * tauScale/timeScale;
  66:open303/Source/DSPCode/rosic_AnalogEnvelope.cpp ****     attackCoeff = 1.0 - exp( -1.0 / tau );
  67:open303/Source/DSPCode/rosic_AnalogEnvelope.cpp ****   }
ARM GAS  /var/folders/7j/7n_15nxd0bx4q178nq7r8qsr0000gn/T//ccrVaF8v.s 			page 3


  68:open303/Source/DSPCode/rosic_AnalogEnvelope.cpp ****   else // newAttackTime <= 0
  69:open303/Source/DSPCode/rosic_AnalogEnvelope.cpp ****   {
  70:open303/Source/DSPCode/rosic_AnalogEnvelope.cpp ****     attackTime  = 0.0;
  71:open303/Source/DSPCode/rosic_AnalogEnvelope.cpp ****     attackCoeff = 1.0;
  72:open303/Source/DSPCode/rosic_AnalogEnvelope.cpp ****   }
  73:open303/Source/DSPCode/rosic_AnalogEnvelope.cpp ****   calculateAccumulatedTimes();
  74:open303/Source/DSPCode/rosic_AnalogEnvelope.cpp **** }
  75:open303/Source/DSPCode/rosic_AnalogEnvelope.cpp **** 
  76:open303/Source/DSPCode/rosic_AnalogEnvelope.cpp **** void AnalogEnvelope::setHold(double newHoldTime)
  77:open303/Source/DSPCode/rosic_AnalogEnvelope.cpp **** {
  78:open303/Source/DSPCode/rosic_AnalogEnvelope.cpp ****   if( newHoldTime >= 0 )
  79:open303/Source/DSPCode/rosic_AnalogEnvelope.cpp ****     holdTime = newHoldTime;
  80:open303/Source/DSPCode/rosic_AnalogEnvelope.cpp ****   calculateAccumulatedTimes();
  81:open303/Source/DSPCode/rosic_AnalogEnvelope.cpp **** }
  82:open303/Source/DSPCode/rosic_AnalogEnvelope.cpp **** 
  83:open303/Source/DSPCode/rosic_AnalogEnvelope.cpp **** void AnalogEnvelope::setDecay(double newDecayTime)
  84:open303/Source/DSPCode/rosic_AnalogEnvelope.cpp **** {
  85:open303/Source/DSPCode/rosic_AnalogEnvelope.cpp ****   if( newDecayTime > 0.0 )
  86:open303/Source/DSPCode/rosic_AnalogEnvelope.cpp ****   {
  87:open303/Source/DSPCode/rosic_AnalogEnvelope.cpp ****     decayTime  = newDecayTime;
  88:open303/Source/DSPCode/rosic_AnalogEnvelope.cpp ****     double tau = (sampleRate*0.001*decayTime) * tauScale/timeScale;
  89:open303/Source/DSPCode/rosic_AnalogEnvelope.cpp ****     decayCoeff = 1.0 - exp( -1.0 / tau  );
  90:open303/Source/DSPCode/rosic_AnalogEnvelope.cpp ****   }
  91:open303/Source/DSPCode/rosic_AnalogEnvelope.cpp ****   else // newDecayTime <= 0
  92:open303/Source/DSPCode/rosic_AnalogEnvelope.cpp ****   {
  93:open303/Source/DSPCode/rosic_AnalogEnvelope.cpp ****     decayTime  = 0.0;
  94:open303/Source/DSPCode/rosic_AnalogEnvelope.cpp ****     decayCoeff = 1.0;
  95:open303/Source/DSPCode/rosic_AnalogEnvelope.cpp ****   }
  96:open303/Source/DSPCode/rosic_AnalogEnvelope.cpp ****   calculateAccumulatedTimes();
  97:open303/Source/DSPCode/rosic_AnalogEnvelope.cpp **** }
  98:open303/Source/DSPCode/rosic_AnalogEnvelope.cpp **** 
  99:open303/Source/DSPCode/rosic_AnalogEnvelope.cpp **** void AnalogEnvelope::setRelease(double newReleaseTime)
 100:open303/Source/DSPCode/rosic_AnalogEnvelope.cpp **** {
 101:open303/Source/DSPCode/rosic_AnalogEnvelope.cpp ****   if( newReleaseTime > 0.0 )
 102:open303/Source/DSPCode/rosic_AnalogEnvelope.cpp ****   {
 103:open303/Source/DSPCode/rosic_AnalogEnvelope.cpp ****     releaseTime  = newReleaseTime;
 104:open303/Source/DSPCode/rosic_AnalogEnvelope.cpp ****     double tau   = (sampleRate*0.001*releaseTime) * tauScale/timeScale;
 105:open303/Source/DSPCode/rosic_AnalogEnvelope.cpp ****     releaseCoeff = 1.0 - exp( -1.0 / tau  );
 106:open303/Source/DSPCode/rosic_AnalogEnvelope.cpp ****   }
 107:open303/Source/DSPCode/rosic_AnalogEnvelope.cpp ****   else // newReleaseTime <= 0
 108:open303/Source/DSPCode/rosic_AnalogEnvelope.cpp ****   {
 109:open303/Source/DSPCode/rosic_AnalogEnvelope.cpp ****     releaseTime  = 0.0;
 110:open303/Source/DSPCode/rosic_AnalogEnvelope.cpp ****     releaseCoeff = 1.0;
 111:open303/Source/DSPCode/rosic_AnalogEnvelope.cpp ****   }
 112:open303/Source/DSPCode/rosic_AnalogEnvelope.cpp ****   calculateAccumulatedTimes();
 113:open303/Source/DSPCode/rosic_AnalogEnvelope.cpp **** }
 114:open303/Source/DSPCode/rosic_AnalogEnvelope.cpp **** 
 115:open303/Source/DSPCode/rosic_AnalogEnvelope.cpp **** void AnalogEnvelope::setTimeScale(double newTimeScale)
 116:open303/Source/DSPCode/rosic_AnalogEnvelope.cpp **** {
 117:open303/Source/DSPCode/rosic_AnalogEnvelope.cpp ****   if( newTimeScale > 0 )
 118:open303/Source/DSPCode/rosic_AnalogEnvelope.cpp ****     timeScale = newTimeScale;
 119:open303/Source/DSPCode/rosic_AnalogEnvelope.cpp **** 
 120:open303/Source/DSPCode/rosic_AnalogEnvelope.cpp ****   increment  = 1000.0*timeScale/sampleRate;
 121:open303/Source/DSPCode/rosic_AnalogEnvelope.cpp **** 
 122:open303/Source/DSPCode/rosic_AnalogEnvelope.cpp ****   //re-calculate coefficients for the 3 filters:
 123:open303/Source/DSPCode/rosic_AnalogEnvelope.cpp ****   setAttack (attackTime);
 124:open303/Source/DSPCode/rosic_AnalogEnvelope.cpp ****   setDecay  (decayTime);
ARM GAS  /var/folders/7j/7n_15nxd0bx4q178nq7r8qsr0000gn/T//ccrVaF8v.s 			page 4


 125:open303/Source/DSPCode/rosic_AnalogEnvelope.cpp ****   setRelease(releaseTime);
 126:open303/Source/DSPCode/rosic_AnalogEnvelope.cpp **** }
 127:open303/Source/DSPCode/rosic_AnalogEnvelope.cpp **** 
 128:open303/Source/DSPCode/rosic_AnalogEnvelope.cpp **** void AnalogEnvelope::setTauScale(double newTauScale)
 129:open303/Source/DSPCode/rosic_AnalogEnvelope.cpp **** {
 130:open303/Source/DSPCode/rosic_AnalogEnvelope.cpp ****   if( newTauScale > 0 )
 131:open303/Source/DSPCode/rosic_AnalogEnvelope.cpp ****     tauScale = newTauScale;
 132:open303/Source/DSPCode/rosic_AnalogEnvelope.cpp **** 
 133:open303/Source/DSPCode/rosic_AnalogEnvelope.cpp ****   setAttack(attackTime);
 134:open303/Source/DSPCode/rosic_AnalogEnvelope.cpp ****   setDecay(decayTime);
 135:open303/Source/DSPCode/rosic_AnalogEnvelope.cpp ****   setRelease(releaseTime);
 136:open303/Source/DSPCode/rosic_AnalogEnvelope.cpp **** }
 137:open303/Source/DSPCode/rosic_AnalogEnvelope.cpp **** 
 138:open303/Source/DSPCode/rosic_AnalogEnvelope.cpp **** void AnalogEnvelope::setPeakScale(double newPeakScale)
 139:open303/Source/DSPCode/rosic_AnalogEnvelope.cpp **** {
  51              		.loc 1 139 1 is_stmt 1 view -0
  52              		.cfi_startproc
  53              		@ args = 0, pretend = 0, frame = 0
  54              		@ frame_needed = 0, uses_anonymous_args = 0
  55              		@ link register save eliminated.
 140:open303/Source/DSPCode/rosic_AnalogEnvelope.cpp ****   if( newPeakScale > 0 )
  56              		.loc 1 140 3 view .LVU3
  57 0000 B5EEC00B 		vcmpe.f64	d0, #0
  58 0004 F1EE10FA 		vmrs	APSR_nzcv, FPSCR
  59 0008 01DD     		ble	.L2
 141:open303/Source/DSPCode/rosic_AnalogEnvelope.cpp ****     peakScale = newPeakScale;
  60              		.loc 1 141 5 view .LVU4
  61              		.loc 1 141 15 is_stmt 0 view .LVU5
  62 000a 80ED260B 		vstr.64	d0, [r0, #152]
  63              	.L2:
 142:open303/Source/DSPCode/rosic_AnalogEnvelope.cpp **** }
  64              		.loc 1 142 1 view .LVU6
  65 000e 7047     		bx	lr
  66              		.cfi_endproc
  67              	.LFE651:
  69              		.section	.text._ZN5rosic14AnalogEnvelope5resetEv,"ax",%progbits
  70              		.align	1
  71              		.global	_ZN5rosic14AnalogEnvelope5resetEv
  72              		.syntax unified
  73              		.thumb
  74              		.thumb_func
  76              	_ZN5rosic14AnalogEnvelope5resetEv:
  77              	.LVL2:
  78              	.LFB652:
 143:open303/Source/DSPCode/rosic_AnalogEnvelope.cpp **** 
 144:open303/Source/DSPCode/rosic_AnalogEnvelope.cpp **** //-------------------------------------------------------------------------------------------------
 145:open303/Source/DSPCode/rosic_AnalogEnvelope.cpp **** // others:
 146:open303/Source/DSPCode/rosic_AnalogEnvelope.cpp **** 
 147:open303/Source/DSPCode/rosic_AnalogEnvelope.cpp **** void AnalogEnvelope::reset()
 148:open303/Source/DSPCode/rosic_AnalogEnvelope.cpp **** {
  79              		.loc 1 148 1 is_stmt 1 view -0
  80              		.cfi_startproc
  81              		@ args = 0, pretend = 0, frame = 0
  82              		@ frame_needed = 0, uses_anonymous_args = 0
  83              		@ link register save eliminated.
 149:open303/Source/DSPCode/rosic_AnalogEnvelope.cpp ****   time = 0.0;
  84              		.loc 1 149 3 view .LVU8
ARM GAS  /var/folders/7j/7n_15nxd0bx4q178nq7r8qsr0000gn/T//ccrVaF8v.s 			page 5


  85              		.loc 1 149 8 is_stmt 0 view .LVU9
  86 0000 0022     		movs	r2, #0
  87 0002 0023     		movs	r3, #0
  88 0004 C0E91E23 		strd	r2, [r0, #120]
 150:open303/Source/DSPCode/rosic_AnalogEnvelope.cpp **** }
  89              		.loc 1 150 1 view .LVU10
  90 0008 7047     		bx	lr
  91              		.cfi_endproc
  92              	.LFE652:
  94              		.section	.text._ZN5rosic14AnalogEnvelope6noteOnEb,"ax",%progbits
  95              		.align	1
  96              		.global	_ZN5rosic14AnalogEnvelope6noteOnEb
  97              		.syntax unified
  98              		.thumb
  99              		.thumb_func
 101              	_ZN5rosic14AnalogEnvelope6noteOnEb:
 102              	.LVL3:
 103              	.LFB653:
 151:open303/Source/DSPCode/rosic_AnalogEnvelope.cpp **** 
 152:open303/Source/DSPCode/rosic_AnalogEnvelope.cpp **** void AnalogEnvelope::noteOn(bool startFromCurrentLevel)
 153:open303/Source/DSPCode/rosic_AnalogEnvelope.cpp **** {
 104              		.loc 1 153 1 is_stmt 1 view -0
 105              		.cfi_startproc
 106              		@ args = 0, pretend = 0, frame = 0
 107              		@ frame_needed = 0, uses_anonymous_args = 0
 108              		@ link register save eliminated.
 154:open303/Source/DSPCode/rosic_AnalogEnvelope.cpp ****   if( !startFromCurrentLevel )
 109              		.loc 1 154 3 view .LVU12
 110 0000 19B9     		cbnz	r1, .L8
 155:open303/Source/DSPCode/rosic_AnalogEnvelope.cpp ****     previousOutput = startLevel;  // may lead to clicks
 111              		.loc 1 155 5 view .LVU13
 112              		.loc 1 155 20 is_stmt 0 view .LVU14
 113 0002 D0E90023 		ldrd	r2, [r0]
 114 0006 C0E92E23 		strd	r2, [r0, #184]
 115              	.L8:
 156:open303/Source/DSPCode/rosic_AnalogEnvelope.cpp **** 
 157:open303/Source/DSPCode/rosic_AnalogEnvelope.cpp **** 
 158:open303/Source/DSPCode/rosic_AnalogEnvelope.cpp ****   // \todo: calculate key and velocity scale factors for duration and peak-value...
 159:open303/Source/DSPCode/rosic_AnalogEnvelope.cpp **** 
 160:open303/Source/DSPCode/rosic_AnalogEnvelope.cpp **** 
 161:open303/Source/DSPCode/rosic_AnalogEnvelope.cpp ****   // reset time for the new note:
 162:open303/Source/DSPCode/rosic_AnalogEnvelope.cpp ****   time         = 0.0;
 116              		.loc 1 162 3 is_stmt 1 view .LVU15
 117              		.loc 1 162 16 is_stmt 0 view .LVU16
 118 000a 0023     		movs	r3, #0
 119 000c 0022     		movs	r2, #0
 120 000e C0E91E23 		strd	r2, [r0, #120]
 163:open303/Source/DSPCode/rosic_AnalogEnvelope.cpp ****   noteIsOn     = true;
 121              		.loc 1 163 3 is_stmt 1 view .LVU17
 164:open303/Source/DSPCode/rosic_AnalogEnvelope.cpp ****   outputIsZero = false;
 122              		.loc 1 164 3 view .LVU18
 123              		.loc 1 164 16 is_stmt 0 view .LVU19
 124 0012 4FF48073 		mov	r3, #256
 125 0016 A0F8C830 		strh	r3, [r0, #200]	@ movhi
 165:open303/Source/DSPCode/rosic_AnalogEnvelope.cpp **** }
 126              		.loc 1 165 1 view .LVU20
 127 001a 7047     		bx	lr
ARM GAS  /var/folders/7j/7n_15nxd0bx4q178nq7r8qsr0000gn/T//ccrVaF8v.s 			page 6


 128              		.cfi_endproc
 129              	.LFE653:
 131              		.section	.text._ZN5rosic14AnalogEnvelope7noteOffEv,"ax",%progbits
 132              		.align	1
 133              		.global	_ZN5rosic14AnalogEnvelope7noteOffEv
 134              		.syntax unified
 135              		.thumb
 136              		.thumb_func
 138              	_ZN5rosic14AnalogEnvelope7noteOffEv:
 139              	.LVL4:
 140              	.LFB654:
 166:open303/Source/DSPCode/rosic_AnalogEnvelope.cpp **** 
 167:open303/Source/DSPCode/rosic_AnalogEnvelope.cpp **** void AnalogEnvelope::noteOff()
 168:open303/Source/DSPCode/rosic_AnalogEnvelope.cpp **** {
 141              		.loc 1 168 1 is_stmt 1 view -0
 142              		.cfi_startproc
 143              		@ args = 0, pretend = 0, frame = 0
 144              		@ frame_needed = 0, uses_anonymous_args = 0
 145              		@ link register save eliminated.
 169:open303/Source/DSPCode/rosic_AnalogEnvelope.cpp ****   noteIsOn = false;
 146              		.loc 1 169 3 view .LVU22
 170:open303/Source/DSPCode/rosic_AnalogEnvelope.cpp **** 
 171:open303/Source/DSPCode/rosic_AnalogEnvelope.cpp ****   // advance time to the beginnig of the release phase:
 172:open303/Source/DSPCode/rosic_AnalogEnvelope.cpp ****   time = (attackTime + holdTime + decayTime + increment);
 147              		.loc 1 172 22 is_stmt 0 view .LVU23
 148 0000 90ED0A6B 		vldr.64	d6, [r0, #40]
 149 0004 90ED087B 		vldr.64	d7, [r0, #32]
 169:open303/Source/DSPCode/rosic_AnalogEnvelope.cpp ****   noteIsOn = false;
 150              		.loc 1 169 12 view .LVU24
 151 0008 0023     		movs	r3, #0
 152              		.loc 1 172 22 view .LVU25
 153 000a 37EE067B 		vadd.f64	d7, d7, d6
 169:open303/Source/DSPCode/rosic_AnalogEnvelope.cpp ****   noteIsOn = false;
 154              		.loc 1 169 12 view .LVU26
 155 000e 80F8C930 		strb	r3, [r0, #201]
 156              		.loc 1 172 3 is_stmt 1 view .LVU27
 157              		.loc 1 172 33 is_stmt 0 view .LVU28
 158 0012 90ED0C6B 		vldr.64	d6, [r0, #48]
 159 0016 37EE067B 		vadd.f64	d7, d7, d6
 160              		.loc 1 172 45 view .LVU29
 161 001a 90ED226B 		vldr.64	d6, [r0, #136]
 162 001e 37EE067B 		vadd.f64	d7, d7, d6
 163              		.loc 1 172 8 view .LVU30
 164 0022 80ED1E7B 		vstr.64	d7, [r0, #120]
 173:open303/Source/DSPCode/rosic_AnalogEnvelope.cpp **** }
 165              		.loc 1 173 1 view .LVU31
 166 0026 7047     		bx	lr
 167              		.cfi_endproc
 168              	.LFE654:
 170              		.section	.text._ZN5rosic14AnalogEnvelope12endIsReachedEv,"ax",%progbits
 171              		.align	1
 172              		.global	_ZN5rosic14AnalogEnvelope12endIsReachedEv
 173              		.syntax unified
 174              		.thumb
 175              		.thumb_func
 177              	_ZN5rosic14AnalogEnvelope12endIsReachedEv:
 178              	.LVL5:
ARM GAS  /var/folders/7j/7n_15nxd0bx4q178nq7r8qsr0000gn/T//ccrVaF8v.s 			page 7


 179              	.LFB655:
 174:open303/Source/DSPCode/rosic_AnalogEnvelope.cpp **** 
 175:open303/Source/DSPCode/rosic_AnalogEnvelope.cpp **** bool AnalogEnvelope::endIsReached()
 176:open303/Source/DSPCode/rosic_AnalogEnvelope.cpp **** {
 180              		.loc 1 176 1 is_stmt 1 view -0
 181              		.cfi_startproc
 182              		@ args = 0, pretend = 0, frame = 0
 183              		@ frame_needed = 0, uses_anonymous_args = 0
 184              		@ link register save eliminated.
 177:open303/Source/DSPCode/rosic_AnalogEnvelope.cpp ****   //return false; // test
 178:open303/Source/DSPCode/rosic_AnalogEnvelope.cpp **** 
 179:open303/Source/DSPCode/rosic_AnalogEnvelope.cpp ****   if( noteIsOn == false && previousOutput < 0.000001 )
 185              		.loc 1 179 3 view .LVU33
 186 0000 90F8C930 		ldrb	r3, [r0, #201]	@ zero_extendqisi2
 187 0004 5BB9     		cbnz	r3, .L12
 188              		.loc 1 179 25 is_stmt 0 discriminator 1 view .LVU34
 189 0006 90ED2E6B 		vldr.64	d6, [r0, #184]
 190 000a 9FED077B 		vldr.64	d7, .L13
 191 000e B4EEC76B 		vcmpe.f64	d6, d7
 192 0012 F1EE10FA 		vmrs	APSR_nzcv, FPSCR
 193 0016 4CBF     		ite	mi
 194 0018 0120     		movmi	r0, #1
 195              	.LVL6:
 196              		.loc 1 179 25 discriminator 1 view .LVU35
 197 001a 1846     		movpl	r0, r3
 198 001c 7047     		bx	lr
 199              	.LVL7:
 200              	.L12:
 180:open303/Source/DSPCode/rosic_AnalogEnvelope.cpp ****     return true;
 181:open303/Source/DSPCode/rosic_AnalogEnvelope.cpp ****   else
 182:open303/Source/DSPCode/rosic_AnalogEnvelope.cpp ****     return false;
 201              		.loc 1 182 12 view .LVU36
 202 001e 0020     		movs	r0, #0
 203              	.LVL8:
 183:open303/Source/DSPCode/rosic_AnalogEnvelope.cpp **** }
 204              		.loc 1 183 1 view .LVU37
 205 0020 7047     		bx	lr
 206              	.L14:
 207 0022 00BFAFF3 		.align	3
 207      0080
 208              	.L13:
 209 0028 8DEDB5A0 		.word	-1598689907
 210 002c F7C6B03E 		.word	1051772663
 211              		.cfi_endproc
 212              	.LFE655:
 214              		.section	.text._ZN5rosic14AnalogEnvelope25calculateAccumulatedTimesEv,"ax",%progbits
 215              		.align	1
 216              		.global	_ZN5rosic14AnalogEnvelope25calculateAccumulatedTimesEv
 217              		.syntax unified
 218              		.thumb
 219              		.thumb_func
 221              	_ZN5rosic14AnalogEnvelope25calculateAccumulatedTimesEv:
 222              	.LVL9:
 223              	.LFB656:
 184:open303/Source/DSPCode/rosic_AnalogEnvelope.cpp **** 
 185:open303/Source/DSPCode/rosic_AnalogEnvelope.cpp **** //-------------------------------------------------------------------------------------------------
 186:open303/Source/DSPCode/rosic_AnalogEnvelope.cpp **** // internal functions:
ARM GAS  /var/folders/7j/7n_15nxd0bx4q178nq7r8qsr0000gn/T//ccrVaF8v.s 			page 8


 187:open303/Source/DSPCode/rosic_AnalogEnvelope.cpp **** 
 188:open303/Source/DSPCode/rosic_AnalogEnvelope.cpp **** void AnalogEnvelope::calculateAccumulatedTimes()
 189:open303/Source/DSPCode/rosic_AnalogEnvelope.cpp **** {
 224              		.loc 1 189 1 is_stmt 1 view -0
 225              		.cfi_startproc
 226              		@ args = 0, pretend = 0, frame = 0
 227              		@ frame_needed = 0, uses_anonymous_args = 0
 228              		@ link register save eliminated.
 190:open303/Source/DSPCode/rosic_AnalogEnvelope.cpp ****   attPlusHld               = attackTime + holdTime;
 229              		.loc 1 190 3 view .LVU39
 230              		.loc 1 190 41 is_stmt 0 view .LVU40
 231 0000 90ED0A6B 		vldr.64	d6, [r0, #40]
 232 0004 90ED087B 		vldr.64	d7, [r0, #32]
 233 0008 37EE067B 		vadd.f64	d7, d7, d6
 191:open303/Source/DSPCode/rosic_AnalogEnvelope.cpp ****   attPlusHldPlusDec        = attPlusHld + decayTime;
 234              		.loc 1 191 41 view .LVU41
 235 000c 90ED0C6B 		vldr.64	d6, [r0, #48]
 190:open303/Source/DSPCode/rosic_AnalogEnvelope.cpp ****   attPlusHld               = attackTime + holdTime;
 236              		.loc 1 190 28 view .LVU42
 237 0010 80ED187B 		vstr.64	d7, [r0, #96]
 238              		.loc 1 191 3 is_stmt 1 view .LVU43
 239              		.loc 1 191 41 is_stmt 0 view .LVU44
 240 0014 37EE067B 		vadd.f64	d7, d7, d6
 192:open303/Source/DSPCode/rosic_AnalogEnvelope.cpp ****   attPlusHldPlusDecPlusRel = attPlusHldPlusDec + releaseTime;
 241              		.loc 1 192 48 view .LVU45
 242 0018 90ED0E6B 		vldr.64	d6, [r0, #56]
 191:open303/Source/DSPCode/rosic_AnalogEnvelope.cpp ****   attPlusHldPlusDec        = attPlusHld + decayTime;
 243              		.loc 1 191 28 view .LVU46
 244 001c 80ED1A7B 		vstr.64	d7, [r0, #104]
 245              		.loc 1 192 3 is_stmt 1 view .LVU47
 246              		.loc 1 192 48 is_stmt 0 view .LVU48
 247 0020 36EE076B 		vadd.f64	d6, d6, d7
 248              		.loc 1 192 28 view .LVU49
 249 0024 80ED1C6B 		vstr.64	d6, [r0, #112]
 193:open303/Source/DSPCode/rosic_AnalogEnvelope.cpp **** }
 250              		.loc 1 193 1 view .LVU50
 251 0028 7047     		bx	lr
 252              		.cfi_endproc
 253              	.LFE656:
 255              		.section	.text._ZN5rosic14AnalogEnvelope9setAttackEd,"ax",%progbits
 256              		.align	1
 257              		.global	_ZN5rosic14AnalogEnvelope9setAttackEd
 258              		.syntax unified
 259              		.thumb
 260              		.thumb_func
 262              	_ZN5rosic14AnalogEnvelope9setAttackEd:
 263              	.LVL10:
 264              	.LFB645:
  61:open303/Source/DSPCode/rosic_AnalogEnvelope.cpp ****   if( newAttackTime > 0.0 )
 265              		.loc 1 61 1 is_stmt 1 view -0
 266              		.cfi_startproc
 267              		@ args = 0, pretend = 0, frame = 0
 268              		@ frame_needed = 0, uses_anonymous_args = 0
  62:open303/Source/DSPCode/rosic_AnalogEnvelope.cpp ****   {
 269              		.loc 1 62 3 view .LVU52
 270              	.LBB4:
 271 0000 B5EEC00B 		vcmpe.f64	d0, #0
ARM GAS  /var/folders/7j/7n_15nxd0bx4q178nq7r8qsr0000gn/T//ccrVaF8v.s 			page 9


 272              	.LBE4:
  61:open303/Source/DSPCode/rosic_AnalogEnvelope.cpp ****   if( newAttackTime > 0.0 )
 273              		.loc 1 61 1 is_stmt 0 view .LVU53
 274 0004 10B5     		push	{r4, lr}
 275              		.cfi_def_cfa_offset 8
 276              		.cfi_offset 4, -8
 277              		.cfi_offset 14, -4
 278              	.LBB7:
  62:open303/Source/DSPCode/rosic_AnalogEnvelope.cpp ****   {
 279              		.loc 1 62 3 view .LVU54
 280 0006 F1EE10FA 		vmrs	APSR_nzcv, FPSCR
 281              	.LBE7:
  61:open303/Source/DSPCode/rosic_AnalogEnvelope.cpp ****   if( newAttackTime > 0.0 )
 282              		.loc 1 61 1 view .LVU55
 283 000a 0446     		mov	r4, r0
 284 000c 2DED028B 		vpush.64	{d8}
 285              		.cfi_def_cfa_offset 16
 286              		.cfi_offset 80, -16
 287              		.cfi_offset 81, -12
 288 0010 B7EE008B 		vmov.f64	d8, #1.0e+0
 289              	.LBB8:
  62:open303/Source/DSPCode/rosic_AnalogEnvelope.cpp ****   {
 290              		.loc 1 62 3 view .LVU56
 291 0014 22DD     		ble	.L21
 292              	.LBB5:
  64:open303/Source/DSPCode/rosic_AnalogEnvelope.cpp ****     double tau  = (sampleRate*0.001*attackTime) * tauScale/timeScale;
 293              		.loc 1 64 5 is_stmt 1 view .LVU57
  65:open303/Source/DSPCode/rosic_AnalogEnvelope.cpp ****     attackCoeff = 1.0 - exp( -1.0 / tau );
 294              		.loc 1 65 30 is_stmt 0 view .LVU58
 295 0016 90ED307B 		vldr.64	d7, [r0, #192]
 296 001a 9FED136B 		vldr.64	d6, .L22
  65:open303/Source/DSPCode/rosic_AnalogEnvelope.cpp ****     attackCoeff = 1.0 - exp( -1.0 / tau );
 297              		.loc 1 65 12 view .LVU59
 298 001e 90ED205B 		vldr.64	d5, [r0, #128]
  64:open303/Source/DSPCode/rosic_AnalogEnvelope.cpp ****     double tau  = (sampleRate*0.001*attackTime) * tauScale/timeScale;
 299              		.loc 1 64 17 view .LVU60
 300 0022 80ED080B 		vstr.64	d0, [r0, #32]
  65:open303/Source/DSPCode/rosic_AnalogEnvelope.cpp ****     attackCoeff = 1.0 - exp( -1.0 / tau );
 301              		.loc 1 65 5 is_stmt 1 view .LVU61
 302              	.LVL11:
  66:open303/Source/DSPCode/rosic_AnalogEnvelope.cpp ****   }
 303              		.loc 1 66 5 view .LVU62
  65:open303/Source/DSPCode/rosic_AnalogEnvelope.cpp ****     attackCoeff = 1.0 - exp( -1.0 / tau );
 304              		.loc 1 65 30 is_stmt 0 view .LVU63
 305 0026 27EE067B 		vmul.f64	d7, d7, d6
 306              	.LVL12:
  65:open303/Source/DSPCode/rosic_AnalogEnvelope.cpp ****     attackCoeff = 1.0 - exp( -1.0 / tau );
 307              		.loc 1 65 49 view .LVU64
 308 002a 90ED246B 		vldr.64	d6, [r0, #144]
  65:open303/Source/DSPCode/rosic_AnalogEnvelope.cpp ****     attackCoeff = 1.0 - exp( -1.0 / tau );
 309              		.loc 1 65 36 view .LVU65
 310 002e 27EE007B 		vmul.f64	d7, d7, d0
  66:open303/Source/DSPCode/rosic_AnalogEnvelope.cpp ****   }
 311              		.loc 1 66 28 view .LVU66
 312 0032 BFEE000B 		vmov.f64	d0, #-1.0e+0
 313              	.LVL13:
  65:open303/Source/DSPCode/rosic_AnalogEnvelope.cpp ****     attackCoeff = 1.0 - exp( -1.0 / tau );
ARM GAS  /var/folders/7j/7n_15nxd0bx4q178nq7r8qsr0000gn/T//ccrVaF8v.s 			page 10


 314              		.loc 1 65 49 view .LVU67
 315 0036 27EE067B 		vmul.f64	d7, d7, d6
  65:open303/Source/DSPCode/rosic_AnalogEnvelope.cpp ****     attackCoeff = 1.0 - exp( -1.0 / tau );
 316              		.loc 1 65 12 view .LVU68
 317 003a 87EE056B 		vdiv.f64	d6, d7, d5
  66:open303/Source/DSPCode/rosic_AnalogEnvelope.cpp ****   }
 318              		.loc 1 66 28 view .LVU69
 319 003e 80EE060B 		vdiv.f64	d0, d0, d6
 320 0042 FFF7FEFF 		bl	exp
 321              	.LVL14:
  66:open303/Source/DSPCode/rosic_AnalogEnvelope.cpp ****   }
 322              		.loc 1 66 23 discriminator 1 view .LVU70
 323 0046 38EE408B 		vsub.f64	d8, d8, d0
 324              	.LVL15:
 325              	.L19:
  66:open303/Source/DSPCode/rosic_AnalogEnvelope.cpp ****   }
 326              		.loc 1 66 23 discriminator 1 view .LVU71
 327              	.LBE5:
 328              	.LBE8:
  73:open303/Source/DSPCode/rosic_AnalogEnvelope.cpp **** }
 329              		.loc 1 73 28 view .LVU72
 330 004a 2046     		mov	r0, r4
 331              	.LBB9:
 332              	.LBB6:
  66:open303/Source/DSPCode/rosic_AnalogEnvelope.cpp ****   }
 333              		.loc 1 66 17 discriminator 1 view .LVU73
 334 004c 84ED288B 		vstr.64	d8, [r4, #160]
 335              	.LBE6:
 336              	.LBE9:
  73:open303/Source/DSPCode/rosic_AnalogEnvelope.cpp **** }
 337              		.loc 1 73 3 is_stmt 1 view .LVU74
  74:open303/Source/DSPCode/rosic_AnalogEnvelope.cpp **** 
 338              		.loc 1 74 1 is_stmt 0 view .LVU75
 339 0050 BDEC028B 		vldm	sp!, {d8}
 340              		.cfi_remember_state
 341              		.cfi_restore 80
 342              		.cfi_restore 81
 343              		.cfi_def_cfa_offset 8
 344 0054 BDE81040 		pop	{r4, lr}
 345              		.cfi_restore 14
 346              		.cfi_restore 4
 347              		.cfi_def_cfa_offset 0
 348              	.LVL16:
  73:open303/Source/DSPCode/rosic_AnalogEnvelope.cpp **** }
 349              		.loc 1 73 28 view .LVU76
 350 0058 FFF7FEBF 		b	_ZN5rosic14AnalogEnvelope25calculateAccumulatedTimesEv
 351              	.LVL17:
 352              	.L21:
 353              		.cfi_restore_state
 354              	.LBB10:
  70:open303/Source/DSPCode/rosic_AnalogEnvelope.cpp ****     attackCoeff = 1.0;
 355              		.loc 1 70 5 is_stmt 1 view .LVU77
  70:open303/Source/DSPCode/rosic_AnalogEnvelope.cpp ****     attackCoeff = 1.0;
 356              		.loc 1 70 17 is_stmt 0 view .LVU78
 357 005c 0022     		movs	r2, #0
 358 005e 0023     		movs	r3, #0
 359 0060 C0E90823 		strd	r2, [r0, #32]
ARM GAS  /var/folders/7j/7n_15nxd0bx4q178nq7r8qsr0000gn/T//ccrVaF8v.s 			page 11


  71:open303/Source/DSPCode/rosic_AnalogEnvelope.cpp ****   }
 360              		.loc 1 71 5 is_stmt 1 view .LVU79
 361 0064 F1E7     		b	.L19
 362              	.L23:
 363 0066 00BF     		.align	3
 364              	.L22:
 365 0068 FCA9F1D2 		.word	-755914244
 366 006c 4D62503F 		.word	1062232653
 367              	.LBE10:
 368              		.cfi_endproc
 369              	.LFE645:
 371              		.section	.text._ZN5rosic14AnalogEnvelope7setHoldEd,"ax",%progbits
 372              		.align	1
 373              		.global	_ZN5rosic14AnalogEnvelope7setHoldEd
 374              		.syntax unified
 375              		.thumb
 376              		.thumb_func
 378              	_ZN5rosic14AnalogEnvelope7setHoldEd:
 379              	.LVL18:
 380              	.LFB646:
  77:open303/Source/DSPCode/rosic_AnalogEnvelope.cpp ****   if( newHoldTime >= 0 )
 381              		.loc 1 77 1 view -0
 382              		.cfi_startproc
 383              		@ args = 0, pretend = 0, frame = 0
 384              		@ frame_needed = 0, uses_anonymous_args = 0
 385              		@ link register save eliminated.
  78:open303/Source/DSPCode/rosic_AnalogEnvelope.cpp ****     holdTime = newHoldTime;
 386              		.loc 1 78 3 view .LVU81
 387 0000 B5EEC00B 		vcmpe.f64	d0, #0
 388 0004 F1EE10FA 		vmrs	APSR_nzcv, FPSCR
 389 0008 01DB     		blt	.L25
  79:open303/Source/DSPCode/rosic_AnalogEnvelope.cpp ****   calculateAccumulatedTimes();
 390              		.loc 1 79 5 view .LVU82
  79:open303/Source/DSPCode/rosic_AnalogEnvelope.cpp ****   calculateAccumulatedTimes();
 391              		.loc 1 79 14 is_stmt 0 view .LVU83
 392 000a 80ED0A0B 		vstr.64	d0, [r0, #40]
 393              	.L25:
  80:open303/Source/DSPCode/rosic_AnalogEnvelope.cpp **** }
 394              		.loc 1 80 3 is_stmt 1 view .LVU84
  80:open303/Source/DSPCode/rosic_AnalogEnvelope.cpp **** }
 395              		.loc 1 80 28 is_stmt 0 view .LVU85
 396 000e FFF7FEBF 		b	_ZN5rosic14AnalogEnvelope25calculateAccumulatedTimesEv
 397              	.LVL19:
 398              		.cfi_endproc
 399              	.LFE646:
 401              		.section	.text._ZN5rosic14AnalogEnvelope8setDecayEd,"ax",%progbits
 402              		.align	1
 403              		.global	_ZN5rosic14AnalogEnvelope8setDecayEd
 404              		.syntax unified
 405              		.thumb
 406              		.thumb_func
 408              	_ZN5rosic14AnalogEnvelope8setDecayEd:
 409              	.LVL20:
 410              	.LFB647:
  84:open303/Source/DSPCode/rosic_AnalogEnvelope.cpp ****   if( newDecayTime > 0.0 )
 411              		.loc 1 84 1 is_stmt 1 view -0
 412              		.cfi_startproc
ARM GAS  /var/folders/7j/7n_15nxd0bx4q178nq7r8qsr0000gn/T//ccrVaF8v.s 			page 12


 413              		@ args = 0, pretend = 0, frame = 0
 414              		@ frame_needed = 0, uses_anonymous_args = 0
  85:open303/Source/DSPCode/rosic_AnalogEnvelope.cpp ****   {
 415              		.loc 1 85 3 view .LVU87
 416              	.LBB11:
 417 0000 B5EEC00B 		vcmpe.f64	d0, #0
 418              	.LBE11:
  84:open303/Source/DSPCode/rosic_AnalogEnvelope.cpp ****   if( newDecayTime > 0.0 )
 419              		.loc 1 84 1 is_stmt 0 view .LVU88
 420 0004 10B5     		push	{r4, lr}
 421              		.cfi_def_cfa_offset 8
 422              		.cfi_offset 4, -8
 423              		.cfi_offset 14, -4
 424              	.LBB14:
  85:open303/Source/DSPCode/rosic_AnalogEnvelope.cpp ****   {
 425              		.loc 1 85 3 view .LVU89
 426 0006 F1EE10FA 		vmrs	APSR_nzcv, FPSCR
 427              	.LBE14:
  84:open303/Source/DSPCode/rosic_AnalogEnvelope.cpp ****   if( newDecayTime > 0.0 )
 428              		.loc 1 84 1 view .LVU90
 429 000a 0446     		mov	r4, r0
 430 000c 2DED028B 		vpush.64	{d8}
 431              		.cfi_def_cfa_offset 16
 432              		.cfi_offset 80, -16
 433              		.cfi_offset 81, -12
 434 0010 B7EE008B 		vmov.f64	d8, #1.0e+0
 435              	.LBB15:
  85:open303/Source/DSPCode/rosic_AnalogEnvelope.cpp ****   {
 436              		.loc 1 85 3 view .LVU91
 437 0014 22DD     		ble	.L33
 438              	.LBB12:
  87:open303/Source/DSPCode/rosic_AnalogEnvelope.cpp ****     double tau = (sampleRate*0.001*decayTime) * tauScale/timeScale;
 439              		.loc 1 87 5 is_stmt 1 view .LVU92
  88:open303/Source/DSPCode/rosic_AnalogEnvelope.cpp ****     decayCoeff = 1.0 - exp( -1.0 / tau  );
 440              		.loc 1 88 29 is_stmt 0 view .LVU93
 441 0016 90ED307B 		vldr.64	d7, [r0, #192]
 442 001a 9FED136B 		vldr.64	d6, .L34
  88:open303/Source/DSPCode/rosic_AnalogEnvelope.cpp ****     decayCoeff = 1.0 - exp( -1.0 / tau  );
 443              		.loc 1 88 12 view .LVU94
 444 001e 90ED205B 		vldr.64	d5, [r0, #128]
  87:open303/Source/DSPCode/rosic_AnalogEnvelope.cpp ****     double tau = (sampleRate*0.001*decayTime) * tauScale/timeScale;
 445              		.loc 1 87 16 view .LVU95
 446 0022 80ED0C0B 		vstr.64	d0, [r0, #48]
  88:open303/Source/DSPCode/rosic_AnalogEnvelope.cpp ****     decayCoeff = 1.0 - exp( -1.0 / tau  );
 447              		.loc 1 88 5 is_stmt 1 view .LVU96
 448              	.LVL21:
  89:open303/Source/DSPCode/rosic_AnalogEnvelope.cpp ****   }
 449              		.loc 1 89 5 view .LVU97
  88:open303/Source/DSPCode/rosic_AnalogEnvelope.cpp ****     decayCoeff = 1.0 - exp( -1.0 / tau  );
 450              		.loc 1 88 29 is_stmt 0 view .LVU98
 451 0026 27EE067B 		vmul.f64	d7, d7, d6
 452              	.LVL22:
  88:open303/Source/DSPCode/rosic_AnalogEnvelope.cpp ****     decayCoeff = 1.0 - exp( -1.0 / tau  );
 453              		.loc 1 88 47 view .LVU99
 454 002a 90ED246B 		vldr.64	d6, [r0, #144]
  88:open303/Source/DSPCode/rosic_AnalogEnvelope.cpp ****     decayCoeff = 1.0 - exp( -1.0 / tau  );
 455              		.loc 1 88 35 view .LVU100
ARM GAS  /var/folders/7j/7n_15nxd0bx4q178nq7r8qsr0000gn/T//ccrVaF8v.s 			page 13


 456 002e 27EE007B 		vmul.f64	d7, d7, d0
  89:open303/Source/DSPCode/rosic_AnalogEnvelope.cpp ****   }
 457              		.loc 1 89 27 view .LVU101
 458 0032 BFEE000B 		vmov.f64	d0, #-1.0e+0
 459              	.LVL23:
  88:open303/Source/DSPCode/rosic_AnalogEnvelope.cpp ****     decayCoeff = 1.0 - exp( -1.0 / tau  );
 460              		.loc 1 88 47 view .LVU102
 461 0036 27EE067B 		vmul.f64	d7, d7, d6
  88:open303/Source/DSPCode/rosic_AnalogEnvelope.cpp ****     decayCoeff = 1.0 - exp( -1.0 / tau  );
 462              		.loc 1 88 12 view .LVU103
 463 003a 87EE056B 		vdiv.f64	d6, d7, d5
  89:open303/Source/DSPCode/rosic_AnalogEnvelope.cpp ****   }
 464              		.loc 1 89 27 view .LVU104
 465 003e 80EE060B 		vdiv.f64	d0, d0, d6
 466 0042 FFF7FEFF 		bl	exp
 467              	.LVL24:
  89:open303/Source/DSPCode/rosic_AnalogEnvelope.cpp ****   }
 468              		.loc 1 89 22 discriminator 1 view .LVU105
 469 0046 38EE408B 		vsub.f64	d8, d8, d0
 470              	.LVL25:
 471              	.L31:
  89:open303/Source/DSPCode/rosic_AnalogEnvelope.cpp ****   }
 472              		.loc 1 89 22 discriminator 1 view .LVU106
 473              	.LBE12:
 474              	.LBE15:
  96:open303/Source/DSPCode/rosic_AnalogEnvelope.cpp **** }
 475              		.loc 1 96 28 view .LVU107
 476 004a 2046     		mov	r0, r4
 477              	.LBB16:
 478              	.LBB13:
  89:open303/Source/DSPCode/rosic_AnalogEnvelope.cpp ****   }
 479              		.loc 1 89 16 discriminator 1 view .LVU108
 480 004c 84ED2A8B 		vstr.64	d8, [r4, #168]
 481              	.LBE13:
 482              	.LBE16:
  96:open303/Source/DSPCode/rosic_AnalogEnvelope.cpp **** }
 483              		.loc 1 96 3 is_stmt 1 view .LVU109
  97:open303/Source/DSPCode/rosic_AnalogEnvelope.cpp **** 
 484              		.loc 1 97 1 is_stmt 0 view .LVU110
 485 0050 BDEC028B 		vldm	sp!, {d8}
 486              		.cfi_remember_state
 487              		.cfi_restore 80
 488              		.cfi_restore 81
 489              		.cfi_def_cfa_offset 8
 490 0054 BDE81040 		pop	{r4, lr}
 491              		.cfi_restore 14
 492              		.cfi_restore 4
 493              		.cfi_def_cfa_offset 0
 494              	.LVL26:
  96:open303/Source/DSPCode/rosic_AnalogEnvelope.cpp **** }
 495              		.loc 1 96 28 view .LVU111
 496 0058 FFF7FEBF 		b	_ZN5rosic14AnalogEnvelope25calculateAccumulatedTimesEv
 497              	.LVL27:
 498              	.L33:
 499              		.cfi_restore_state
 500              	.LBB17:
  93:open303/Source/DSPCode/rosic_AnalogEnvelope.cpp ****     decayCoeff = 1.0;
ARM GAS  /var/folders/7j/7n_15nxd0bx4q178nq7r8qsr0000gn/T//ccrVaF8v.s 			page 14


 501              		.loc 1 93 5 is_stmt 1 view .LVU112
  93:open303/Source/DSPCode/rosic_AnalogEnvelope.cpp ****     decayCoeff = 1.0;
 502              		.loc 1 93 16 is_stmt 0 view .LVU113
 503 005c 0022     		movs	r2, #0
 504 005e 0023     		movs	r3, #0
 505 0060 C0E90C23 		strd	r2, [r0, #48]
  94:open303/Source/DSPCode/rosic_AnalogEnvelope.cpp ****   }
 506              		.loc 1 94 5 is_stmt 1 view .LVU114
 507 0064 F1E7     		b	.L31
 508              	.L35:
 509 0066 00BF     		.align	3
 510              	.L34:
 511 0068 FCA9F1D2 		.word	-755914244
 512 006c 4D62503F 		.word	1062232653
 513              	.LBE17:
 514              		.cfi_endproc
 515              	.LFE647:
 517              		.section	.text._ZN5rosic14AnalogEnvelope10setReleaseEd,"ax",%progbits
 518              		.align	1
 519              		.global	_ZN5rosic14AnalogEnvelope10setReleaseEd
 520              		.syntax unified
 521              		.thumb
 522              		.thumb_func
 524              	_ZN5rosic14AnalogEnvelope10setReleaseEd:
 525              	.LVL28:
 526              	.LFB648:
 100:open303/Source/DSPCode/rosic_AnalogEnvelope.cpp ****   if( newReleaseTime > 0.0 )
 527              		.loc 1 100 1 view -0
 528              		.cfi_startproc
 529              		@ args = 0, pretend = 0, frame = 0
 530              		@ frame_needed = 0, uses_anonymous_args = 0
 101:open303/Source/DSPCode/rosic_AnalogEnvelope.cpp ****   {
 531              		.loc 1 101 3 view .LVU116
 532              	.LBB18:
 533 0000 B5EEC00B 		vcmpe.f64	d0, #0
 534              	.LBE18:
 100:open303/Source/DSPCode/rosic_AnalogEnvelope.cpp ****   if( newReleaseTime > 0.0 )
 535              		.loc 1 100 1 is_stmt 0 view .LVU117
 536 0004 10B5     		push	{r4, lr}
 537              		.cfi_def_cfa_offset 8
 538              		.cfi_offset 4, -8
 539              		.cfi_offset 14, -4
 540              	.LBB21:
 101:open303/Source/DSPCode/rosic_AnalogEnvelope.cpp ****   {
 541              		.loc 1 101 3 view .LVU118
 542 0006 F1EE10FA 		vmrs	APSR_nzcv, FPSCR
 543              	.LBE21:
 100:open303/Source/DSPCode/rosic_AnalogEnvelope.cpp ****   if( newReleaseTime > 0.0 )
 544              		.loc 1 100 1 view .LVU119
 545 000a 0446     		mov	r4, r0
 546 000c 2DED028B 		vpush.64	{d8}
 547              		.cfi_def_cfa_offset 16
 548              		.cfi_offset 80, -16
 549              		.cfi_offset 81, -12
 550 0010 B7EE008B 		vmov.f64	d8, #1.0e+0
 551              	.LBB22:
 101:open303/Source/DSPCode/rosic_AnalogEnvelope.cpp ****   {
ARM GAS  /var/folders/7j/7n_15nxd0bx4q178nq7r8qsr0000gn/T//ccrVaF8v.s 			page 15


 552              		.loc 1 101 3 view .LVU120
 553 0014 22DD     		ble	.L41
 554              	.LBB19:
 103:open303/Source/DSPCode/rosic_AnalogEnvelope.cpp ****     double tau   = (sampleRate*0.001*releaseTime) * tauScale/timeScale;
 555              		.loc 1 103 5 is_stmt 1 view .LVU121
 104:open303/Source/DSPCode/rosic_AnalogEnvelope.cpp ****     releaseCoeff = 1.0 - exp( -1.0 / tau  );
 556              		.loc 1 104 31 is_stmt 0 view .LVU122
 557 0016 90ED307B 		vldr.64	d7, [r0, #192]
 558 001a 9FED136B 		vldr.64	d6, .L42
 104:open303/Source/DSPCode/rosic_AnalogEnvelope.cpp ****     releaseCoeff = 1.0 - exp( -1.0 / tau  );
 559              		.loc 1 104 12 view .LVU123
 560 001e 90ED205B 		vldr.64	d5, [r0, #128]
 103:open303/Source/DSPCode/rosic_AnalogEnvelope.cpp ****     double tau   = (sampleRate*0.001*releaseTime) * tauScale/timeScale;
 561              		.loc 1 103 18 view .LVU124
 562 0022 80ED0E0B 		vstr.64	d0, [r0, #56]
 104:open303/Source/DSPCode/rosic_AnalogEnvelope.cpp ****     releaseCoeff = 1.0 - exp( -1.0 / tau  );
 563              		.loc 1 104 5 is_stmt 1 view .LVU125
 564              	.LVL29:
 105:open303/Source/DSPCode/rosic_AnalogEnvelope.cpp ****   }
 565              		.loc 1 105 5 view .LVU126
 104:open303/Source/DSPCode/rosic_AnalogEnvelope.cpp ****     releaseCoeff = 1.0 - exp( -1.0 / tau  );
 566              		.loc 1 104 31 is_stmt 0 view .LVU127
 567 0026 27EE067B 		vmul.f64	d7, d7, d6
 568              	.LVL30:
 104:open303/Source/DSPCode/rosic_AnalogEnvelope.cpp ****     releaseCoeff = 1.0 - exp( -1.0 / tau  );
 569              		.loc 1 104 51 view .LVU128
 570 002a 90ED246B 		vldr.64	d6, [r0, #144]
 104:open303/Source/DSPCode/rosic_AnalogEnvelope.cpp ****     releaseCoeff = 1.0 - exp( -1.0 / tau  );
 571              		.loc 1 104 37 view .LVU129
 572 002e 27EE007B 		vmul.f64	d7, d7, d0
 105:open303/Source/DSPCode/rosic_AnalogEnvelope.cpp ****   }
 573              		.loc 1 105 29 view .LVU130
 574 0032 BFEE000B 		vmov.f64	d0, #-1.0e+0
 575              	.LVL31:
 104:open303/Source/DSPCode/rosic_AnalogEnvelope.cpp ****     releaseCoeff = 1.0 - exp( -1.0 / tau  );
 576              		.loc 1 104 51 view .LVU131
 577 0036 27EE067B 		vmul.f64	d7, d7, d6
 104:open303/Source/DSPCode/rosic_AnalogEnvelope.cpp ****     releaseCoeff = 1.0 - exp( -1.0 / tau  );
 578              		.loc 1 104 12 view .LVU132
 579 003a 87EE056B 		vdiv.f64	d6, d7, d5
 105:open303/Source/DSPCode/rosic_AnalogEnvelope.cpp ****   }
 580              		.loc 1 105 29 view .LVU133
 581 003e 80EE060B 		vdiv.f64	d0, d0, d6
 582 0042 FFF7FEFF 		bl	exp
 583              	.LVL32:
 105:open303/Source/DSPCode/rosic_AnalogEnvelope.cpp ****   }
 584              		.loc 1 105 24 discriminator 1 view .LVU134
 585 0046 38EE408B 		vsub.f64	d8, d8, d0
 586              	.LVL33:
 587              	.L39:
 105:open303/Source/DSPCode/rosic_AnalogEnvelope.cpp ****   }
 588              		.loc 1 105 24 discriminator 1 view .LVU135
 589              	.LBE19:
 590              	.LBE22:
 112:open303/Source/DSPCode/rosic_AnalogEnvelope.cpp **** }
 591              		.loc 1 112 28 view .LVU136
 592 004a 2046     		mov	r0, r4
ARM GAS  /var/folders/7j/7n_15nxd0bx4q178nq7r8qsr0000gn/T//ccrVaF8v.s 			page 16


 593              	.LBB23:
 594              	.LBB20:
 105:open303/Source/DSPCode/rosic_AnalogEnvelope.cpp ****   }
 595              		.loc 1 105 18 discriminator 1 view .LVU137
 596 004c 84ED2C8B 		vstr.64	d8, [r4, #176]
 597              	.LBE20:
 598              	.LBE23:
 112:open303/Source/DSPCode/rosic_AnalogEnvelope.cpp **** }
 599              		.loc 1 112 3 is_stmt 1 view .LVU138
 113:open303/Source/DSPCode/rosic_AnalogEnvelope.cpp **** 
 600              		.loc 1 113 1 is_stmt 0 view .LVU139
 601 0050 BDEC028B 		vldm	sp!, {d8}
 602              		.cfi_remember_state
 603              		.cfi_restore 80
 604              		.cfi_restore 81
 605              		.cfi_def_cfa_offset 8
 606 0054 BDE81040 		pop	{r4, lr}
 607              		.cfi_restore 14
 608              		.cfi_restore 4
 609              		.cfi_def_cfa_offset 0
 610              	.LVL34:
 112:open303/Source/DSPCode/rosic_AnalogEnvelope.cpp **** }
 611              		.loc 1 112 28 view .LVU140
 612 0058 FFF7FEBF 		b	_ZN5rosic14AnalogEnvelope25calculateAccumulatedTimesEv
 613              	.LVL35:
 614              	.L41:
 615              		.cfi_restore_state
 616              	.LBB24:
 109:open303/Source/DSPCode/rosic_AnalogEnvelope.cpp ****     releaseCoeff = 1.0;
 617              		.loc 1 109 5 is_stmt 1 view .LVU141
 109:open303/Source/DSPCode/rosic_AnalogEnvelope.cpp ****     releaseCoeff = 1.0;
 618              		.loc 1 109 18 is_stmt 0 view .LVU142
 619 005c 0022     		movs	r2, #0
 620 005e 0023     		movs	r3, #0
 621 0060 C0E90E23 		strd	r2, [r0, #56]
 110:open303/Source/DSPCode/rosic_AnalogEnvelope.cpp ****   }
 622              		.loc 1 110 5 is_stmt 1 view .LVU143
 623 0064 F1E7     		b	.L39
 624              	.L43:
 625 0066 00BF     		.align	3
 626              	.L42:
 627 0068 FCA9F1D2 		.word	-755914244
 628 006c 4D62503F 		.word	1062232653
 629              	.LBE24:
 630              		.cfi_endproc
 631              	.LFE648:
 633              		.section	.text._ZN5rosic14AnalogEnvelope13setSampleRateEd,"ax",%progbits
 634              		.align	1
 635              		.global	_ZN5rosic14AnalogEnvelope13setSampleRateEd
 636              		.syntax unified
 637              		.thumb
 638              		.thumb_func
 640              	_ZN5rosic14AnalogEnvelope13setSampleRateEd:
 641              	.LVL36:
 642              	.LFB644:
  47:open303/Source/DSPCode/rosic_AnalogEnvelope.cpp ****   if( newSampleRate > 0.0 )
 643              		.loc 1 47 1 view -0
ARM GAS  /var/folders/7j/7n_15nxd0bx4q178nq7r8qsr0000gn/T//ccrVaF8v.s 			page 17


 644              		.cfi_startproc
 645              		@ args = 0, pretend = 0, frame = 0
 646              		@ frame_needed = 0, uses_anonymous_args = 0
  48:open303/Source/DSPCode/rosic_AnalogEnvelope.cpp ****     sampleRate = newSampleRate;
 647              		.loc 1 48 3 view .LVU145
 648 0000 B5EEC00B 		vcmpe.f64	d0, #0
  47:open303/Source/DSPCode/rosic_AnalogEnvelope.cpp ****   if( newSampleRate > 0.0 )
 649              		.loc 1 47 1 is_stmt 0 view .LVU146
 650 0004 10B5     		push	{r4, lr}
 651              		.cfi_def_cfa_offset 8
 652              		.cfi_offset 4, -8
 653              		.cfi_offset 14, -4
  48:open303/Source/DSPCode/rosic_AnalogEnvelope.cpp ****     sampleRate = newSampleRate;
 654              		.loc 1 48 3 view .LVU147
 655 0006 F1EE10FA 		vmrs	APSR_nzcv, FPSCR
  47:open303/Source/DSPCode/rosic_AnalogEnvelope.cpp ****   if( newSampleRate > 0.0 )
 656              		.loc 1 47 1 view .LVU148
 657 000a 0446     		mov	r4, r0
  48:open303/Source/DSPCode/rosic_AnalogEnvelope.cpp ****     sampleRate = newSampleRate;
 658              		.loc 1 48 3 view .LVU149
 659 000c 01DD     		ble	.L45
  49:open303/Source/DSPCode/rosic_AnalogEnvelope.cpp **** 
 660              		.loc 1 49 5 is_stmt 1 view .LVU150
  49:open303/Source/DSPCode/rosic_AnalogEnvelope.cpp **** 
 661              		.loc 1 49 16 is_stmt 0 view .LVU151
 662 000e 80ED300B 		vstr.64	d0, [r0, #192]
 663              	.L45:
  52:open303/Source/DSPCode/rosic_AnalogEnvelope.cpp **** 
 664              		.loc 1 52 3 is_stmt 1 view .LVU152
  52:open303/Source/DSPCode/rosic_AnalogEnvelope.cpp **** 
 665              		.loc 1 52 21 is_stmt 0 view .LVU153
 666 0012 94ED207B 		vldr.64	d7, [r4, #128]
 667 0016 9FED0E6B 		vldr.64	d6, .L48
  52:open303/Source/DSPCode/rosic_AnalogEnvelope.cpp **** 
 668              		.loc 1 52 31 view .LVU154
 669 001a 94ED305B 		vldr.64	d5, [r4, #192]
  55:open303/Source/DSPCode/rosic_AnalogEnvelope.cpp ****   setDecay  (decayTime);
 670              		.loc 1 55 13 view .LVU155
 671 001e 94ED080B 		vldr.64	d0, [r4, #32]
 672              	.LVL37:
  52:open303/Source/DSPCode/rosic_AnalogEnvelope.cpp **** 
 673              		.loc 1 52 21 view .LVU156
 674 0022 27EE067B 		vmul.f64	d7, d7, d6
  55:open303/Source/DSPCode/rosic_AnalogEnvelope.cpp ****   setDecay  (decayTime);
 675              		.loc 1 55 13 view .LVU157
 676 0026 2046     		mov	r0, r4
 677              	.LVL38:
  52:open303/Source/DSPCode/rosic_AnalogEnvelope.cpp **** 
 678              		.loc 1 52 31 view .LVU158
 679 0028 87EE056B 		vdiv.f64	d6, d7, d5
  52:open303/Source/DSPCode/rosic_AnalogEnvelope.cpp **** 
 680              		.loc 1 52 13 view .LVU159
 681 002c 84ED226B 		vstr.64	d6, [r4, #136]
  55:open303/Source/DSPCode/rosic_AnalogEnvelope.cpp ****   setDecay  (decayTime);
 682              		.loc 1 55 3 is_stmt 1 view .LVU160
  55:open303/Source/DSPCode/rosic_AnalogEnvelope.cpp ****   setDecay  (decayTime);
 683              		.loc 1 55 13 is_stmt 0 view .LVU161
ARM GAS  /var/folders/7j/7n_15nxd0bx4q178nq7r8qsr0000gn/T//ccrVaF8v.s 			page 18


 684 0030 FFF7FEFF 		bl	_ZN5rosic14AnalogEnvelope9setAttackEd
 685              	.LVL39:
  56:open303/Source/DSPCode/rosic_AnalogEnvelope.cpp ****   setRelease(releaseTime);
 686              		.loc 1 56 3 is_stmt 1 view .LVU162
  56:open303/Source/DSPCode/rosic_AnalogEnvelope.cpp ****   setRelease(releaseTime);
 687              		.loc 1 56 13 is_stmt 0 view .LVU163
 688 0034 2046     		mov	r0, r4
 689 0036 94ED0C0B 		vldr.64	d0, [r4, #48]
 690 003a FFF7FEFF 		bl	_ZN5rosic14AnalogEnvelope8setDecayEd
 691              	.LVL40:
  57:open303/Source/DSPCode/rosic_AnalogEnvelope.cpp **** }
 692              		.loc 1 57 3 is_stmt 1 view .LVU164
  57:open303/Source/DSPCode/rosic_AnalogEnvelope.cpp **** }
 693              		.loc 1 57 13 is_stmt 0 view .LVU165
 694 003e 2046     		mov	r0, r4
 695 0040 94ED0E0B 		vldr.64	d0, [r4, #56]
  58:open303/Source/DSPCode/rosic_AnalogEnvelope.cpp **** 
 696              		.loc 1 58 1 view .LVU166
 697 0044 BDE81040 		pop	{r4, lr}
 698              		.cfi_restore 14
 699              		.cfi_restore 4
 700              		.cfi_def_cfa_offset 0
 701              	.LVL41:
  57:open303/Source/DSPCode/rosic_AnalogEnvelope.cpp **** }
 702              		.loc 1 57 13 view .LVU167
 703 0048 FFF7FEBF 		b	_ZN5rosic14AnalogEnvelope10setReleaseEd
 704              	.LVL42:
 705              	.L49:
  57:open303/Source/DSPCode/rosic_AnalogEnvelope.cpp **** }
 706              		.loc 1 57 13 view .LVU168
 707 004c AFF30080 		.align	3
 708              	.L48:
 709 0050 00000000 		.word	0
 710 0054 00408F40 		.word	1083129856
 711              		.cfi_endproc
 712              	.LFE644:
 714              		.section	.text._ZN5rosic14AnalogEnvelope12setTimeScaleEd,"ax",%progbits
 715              		.align	1
 716              		.global	_ZN5rosic14AnalogEnvelope12setTimeScaleEd
 717              		.syntax unified
 718              		.thumb
 719              		.thumb_func
 721              	_ZN5rosic14AnalogEnvelope12setTimeScaleEd:
 722              	.LVL43:
 723              	.LFB649:
 116:open303/Source/DSPCode/rosic_AnalogEnvelope.cpp ****   if( newTimeScale > 0 )
 724              		.loc 1 116 1 is_stmt 1 view -0
 725              		.cfi_startproc
 726              		@ args = 0, pretend = 0, frame = 0
 727              		@ frame_needed = 0, uses_anonymous_args = 0
 117:open303/Source/DSPCode/rosic_AnalogEnvelope.cpp ****     timeScale = newTimeScale;
 728              		.loc 1 117 3 view .LVU170
 729 0000 B5EEC00B 		vcmpe.f64	d0, #0
 116:open303/Source/DSPCode/rosic_AnalogEnvelope.cpp ****   if( newTimeScale > 0 )
 730              		.loc 1 116 1 is_stmt 0 view .LVU171
 731 0004 10B5     		push	{r4, lr}
 732              		.cfi_def_cfa_offset 8
ARM GAS  /var/folders/7j/7n_15nxd0bx4q178nq7r8qsr0000gn/T//ccrVaF8v.s 			page 19


 733              		.cfi_offset 4, -8
 734              		.cfi_offset 14, -4
 117:open303/Source/DSPCode/rosic_AnalogEnvelope.cpp ****     timeScale = newTimeScale;
 735              		.loc 1 117 3 view .LVU172
 736 0006 F1EE10FA 		vmrs	APSR_nzcv, FPSCR
 116:open303/Source/DSPCode/rosic_AnalogEnvelope.cpp ****   if( newTimeScale > 0 )
 737              		.loc 1 116 1 view .LVU173
 738 000a 0446     		mov	r4, r0
 117:open303/Source/DSPCode/rosic_AnalogEnvelope.cpp ****     timeScale = newTimeScale;
 739              		.loc 1 117 3 view .LVU174
 740 000c 01DD     		ble	.L51
 118:open303/Source/DSPCode/rosic_AnalogEnvelope.cpp **** 
 741              		.loc 1 118 5 is_stmt 1 view .LVU175
 118:open303/Source/DSPCode/rosic_AnalogEnvelope.cpp **** 
 742              		.loc 1 118 15 is_stmt 0 view .LVU176
 743 000e 80ED200B 		vstr.64	d0, [r0, #128]
 744              	.L51:
 120:open303/Source/DSPCode/rosic_AnalogEnvelope.cpp **** 
 745              		.loc 1 120 3 is_stmt 1 view .LVU177
 120:open303/Source/DSPCode/rosic_AnalogEnvelope.cpp **** 
 746              		.loc 1 120 22 is_stmt 0 view .LVU178
 747 0012 94ED207B 		vldr.64	d7, [r4, #128]
 748 0016 9FED0E6B 		vldr.64	d6, .L54
 120:open303/Source/DSPCode/rosic_AnalogEnvelope.cpp **** 
 749              		.loc 1 120 32 view .LVU179
 750 001a 94ED305B 		vldr.64	d5, [r4, #192]
 123:open303/Source/DSPCode/rosic_AnalogEnvelope.cpp ****   setDecay  (decayTime);
 751              		.loc 1 123 13 view .LVU180
 752 001e 94ED080B 		vldr.64	d0, [r4, #32]
 753              	.LVL44:
 120:open303/Source/DSPCode/rosic_AnalogEnvelope.cpp **** 
 754              		.loc 1 120 22 view .LVU181
 755 0022 27EE067B 		vmul.f64	d7, d7, d6
 123:open303/Source/DSPCode/rosic_AnalogEnvelope.cpp ****   setDecay  (decayTime);
 756              		.loc 1 123 13 view .LVU182
 757 0026 2046     		mov	r0, r4
 758              	.LVL45:
 120:open303/Source/DSPCode/rosic_AnalogEnvelope.cpp **** 
 759              		.loc 1 120 32 view .LVU183
 760 0028 87EE056B 		vdiv.f64	d6, d7, d5
 120:open303/Source/DSPCode/rosic_AnalogEnvelope.cpp **** 
 761              		.loc 1 120 14 view .LVU184
 762 002c 84ED226B 		vstr.64	d6, [r4, #136]
 123:open303/Source/DSPCode/rosic_AnalogEnvelope.cpp ****   setDecay  (decayTime);
 763              		.loc 1 123 3 is_stmt 1 view .LVU185
 123:open303/Source/DSPCode/rosic_AnalogEnvelope.cpp ****   setDecay  (decayTime);
 764              		.loc 1 123 13 is_stmt 0 view .LVU186
 765 0030 FFF7FEFF 		bl	_ZN5rosic14AnalogEnvelope9setAttackEd
 766              	.LVL46:
 124:open303/Source/DSPCode/rosic_AnalogEnvelope.cpp ****   setRelease(releaseTime);
 767              		.loc 1 124 3 is_stmt 1 view .LVU187
 124:open303/Source/DSPCode/rosic_AnalogEnvelope.cpp ****   setRelease(releaseTime);
 768              		.loc 1 124 13 is_stmt 0 view .LVU188
 769 0034 2046     		mov	r0, r4
 770 0036 94ED0C0B 		vldr.64	d0, [r4, #48]
 771 003a FFF7FEFF 		bl	_ZN5rosic14AnalogEnvelope8setDecayEd
 772              	.LVL47:
ARM GAS  /var/folders/7j/7n_15nxd0bx4q178nq7r8qsr0000gn/T//ccrVaF8v.s 			page 20


 125:open303/Source/DSPCode/rosic_AnalogEnvelope.cpp **** }
 773              		.loc 1 125 3 is_stmt 1 view .LVU189
 125:open303/Source/DSPCode/rosic_AnalogEnvelope.cpp **** }
 774              		.loc 1 125 13 is_stmt 0 view .LVU190
 775 003e 2046     		mov	r0, r4
 776 0040 94ED0E0B 		vldr.64	d0, [r4, #56]
 126:open303/Source/DSPCode/rosic_AnalogEnvelope.cpp **** 
 777              		.loc 1 126 1 view .LVU191
 778 0044 BDE81040 		pop	{r4, lr}
 779              		.cfi_restore 14
 780              		.cfi_restore 4
 781              		.cfi_def_cfa_offset 0
 782              	.LVL48:
 125:open303/Source/DSPCode/rosic_AnalogEnvelope.cpp **** }
 783              		.loc 1 125 13 view .LVU192
 784 0048 FFF7FEBF 		b	_ZN5rosic14AnalogEnvelope10setReleaseEd
 785              	.LVL49:
 786              	.L55:
 125:open303/Source/DSPCode/rosic_AnalogEnvelope.cpp **** }
 787              		.loc 1 125 13 view .LVU193
 788 004c AFF30080 		.align	3
 789              	.L54:
 790 0050 00000000 		.word	0
 791 0054 00408F40 		.word	1083129856
 792              		.cfi_endproc
 793              	.LFE649:
 795              		.section	.text._ZN5rosic14AnalogEnvelope11setTauScaleEd,"ax",%progbits
 796              		.align	1
 797              		.global	_ZN5rosic14AnalogEnvelope11setTauScaleEd
 798              		.syntax unified
 799              		.thumb
 800              		.thumb_func
 802              	_ZN5rosic14AnalogEnvelope11setTauScaleEd:
 803              	.LVL50:
 804              	.LFB650:
 129:open303/Source/DSPCode/rosic_AnalogEnvelope.cpp ****   if( newTauScale > 0 )
 805              		.loc 1 129 1 is_stmt 1 view -0
 806              		.cfi_startproc
 807              		@ args = 0, pretend = 0, frame = 0
 808              		@ frame_needed = 0, uses_anonymous_args = 0
 130:open303/Source/DSPCode/rosic_AnalogEnvelope.cpp ****     tauScale = newTauScale;
 809              		.loc 1 130 3 view .LVU195
 810 0000 B5EEC00B 		vcmpe.f64	d0, #0
 129:open303/Source/DSPCode/rosic_AnalogEnvelope.cpp ****   if( newTauScale > 0 )
 811              		.loc 1 129 1 is_stmt 0 view .LVU196
 812 0004 10B5     		push	{r4, lr}
 813              		.cfi_def_cfa_offset 8
 814              		.cfi_offset 4, -8
 815              		.cfi_offset 14, -4
 130:open303/Source/DSPCode/rosic_AnalogEnvelope.cpp ****     tauScale = newTauScale;
 816              		.loc 1 130 3 view .LVU197
 817 0006 F1EE10FA 		vmrs	APSR_nzcv, FPSCR
 129:open303/Source/DSPCode/rosic_AnalogEnvelope.cpp ****   if( newTauScale > 0 )
 818              		.loc 1 129 1 view .LVU198
 819 000a 0446     		mov	r4, r0
 130:open303/Source/DSPCode/rosic_AnalogEnvelope.cpp ****     tauScale = newTauScale;
 820              		.loc 1 130 3 view .LVU199
ARM GAS  /var/folders/7j/7n_15nxd0bx4q178nq7r8qsr0000gn/T//ccrVaF8v.s 			page 21


 821 000c 01DD     		ble	.L57
 131:open303/Source/DSPCode/rosic_AnalogEnvelope.cpp **** 
 822              		.loc 1 131 5 is_stmt 1 view .LVU200
 131:open303/Source/DSPCode/rosic_AnalogEnvelope.cpp **** 
 823              		.loc 1 131 14 is_stmt 0 view .LVU201
 824 000e 80ED240B 		vstr.64	d0, [r0, #144]
 825              	.L57:
 133:open303/Source/DSPCode/rosic_AnalogEnvelope.cpp ****   setDecay(decayTime);
 826              		.loc 1 133 3 is_stmt 1 view .LVU202
 133:open303/Source/DSPCode/rosic_AnalogEnvelope.cpp ****   setDecay(decayTime);
 827              		.loc 1 133 12 is_stmt 0 view .LVU203
 828 0012 94ED080B 		vldr.64	d0, [r4, #32]
 829              	.LVL51:
 133:open303/Source/DSPCode/rosic_AnalogEnvelope.cpp ****   setDecay(decayTime);
 830              		.loc 1 133 12 view .LVU204
 831 0016 2046     		mov	r0, r4
 832              	.LVL52:
 133:open303/Source/DSPCode/rosic_AnalogEnvelope.cpp ****   setDecay(decayTime);
 833              		.loc 1 133 12 view .LVU205
 834 0018 FFF7FEFF 		bl	_ZN5rosic14AnalogEnvelope9setAttackEd
 835              	.LVL53:
 134:open303/Source/DSPCode/rosic_AnalogEnvelope.cpp ****   setRelease(releaseTime);
 836              		.loc 1 134 3 is_stmt 1 view .LVU206
 134:open303/Source/DSPCode/rosic_AnalogEnvelope.cpp ****   setRelease(releaseTime);
 837              		.loc 1 134 11 is_stmt 0 view .LVU207
 838 001c 2046     		mov	r0, r4
 839 001e 94ED0C0B 		vldr.64	d0, [r4, #48]
 840 0022 FFF7FEFF 		bl	_ZN5rosic14AnalogEnvelope8setDecayEd
 841              	.LVL54:
 135:open303/Source/DSPCode/rosic_AnalogEnvelope.cpp **** }
 842              		.loc 1 135 3 is_stmt 1 view .LVU208
 135:open303/Source/DSPCode/rosic_AnalogEnvelope.cpp **** }
 843              		.loc 1 135 13 is_stmt 0 view .LVU209
 844 0026 2046     		mov	r0, r4
 845 0028 94ED0E0B 		vldr.64	d0, [r4, #56]
 136:open303/Source/DSPCode/rosic_AnalogEnvelope.cpp **** 
 846              		.loc 1 136 1 view .LVU210
 847 002c BDE81040 		pop	{r4, lr}
 848              		.cfi_restore 14
 849              		.cfi_restore 4
 850              		.cfi_def_cfa_offset 0
 851              	.LVL55:
 135:open303/Source/DSPCode/rosic_AnalogEnvelope.cpp **** }
 852              		.loc 1 135 13 view .LVU211
 853 0030 FFF7FEBF 		b	_ZN5rosic14AnalogEnvelope10setReleaseEd
 854              	.LVL56:
 135:open303/Source/DSPCode/rosic_AnalogEnvelope.cpp **** }
 855              		.loc 1 135 13 view .LVU212
 856              		.cfi_endproc
 857              	.LFE650:
 859              		.section	.text._ZN5rosic14AnalogEnvelopeC2Ev,"ax",%progbits
 860              		.align	1
 861              		.global	_ZN5rosic14AnalogEnvelopeC2Ev
 862              		.syntax unified
 863              		.thumb
 864              		.thumb_func
 866              	_ZN5rosic14AnalogEnvelopeC2Ev:
ARM GAS  /var/folders/7j/7n_15nxd0bx4q178nq7r8qsr0000gn/T//ccrVaF8v.s 			page 22


 867              	.LVL57:
 868              	.LFB639:
   7:open303/Source/DSPCode/rosic_AnalogEnvelope.cpp **** {
 869              		.loc 1 7 1 is_stmt 1 view -0
 870              		.cfi_startproc
 871              		@ args = 0, pretend = 0, frame = 0
 872              		@ frame_needed = 0, uses_anonymous_args = 0
 873              	.LBB30:
   9:open303/Source/DSPCode/rosic_AnalogEnvelope.cpp ****   startLevel     = 0.0;
 874              		.loc 1 9 3 view .LVU214
  10:open303/Source/DSPCode/rosic_AnalogEnvelope.cpp ****   attackTime     = 0.0;
 875              		.loc 1 10 3 view .LVU215
  11:open303/Source/DSPCode/rosic_AnalogEnvelope.cpp ****   peakLevel      = 1.0;
 876              		.loc 1 11 3 view .LVU216
  12:open303/Source/DSPCode/rosic_AnalogEnvelope.cpp ****   holdTime       = 0.0;
 877              		.loc 1 12 3 view .LVU217
  13:open303/Source/DSPCode/rosic_AnalogEnvelope.cpp ****   decayTime      = 0.1;
 878              		.loc 1 13 3 view .LVU218
  14:open303/Source/DSPCode/rosic_AnalogEnvelope.cpp ****   sustainLevel   = 0.5;
 879              		.loc 1 14 3 view .LVU219
  15:open303/Source/DSPCode/rosic_AnalogEnvelope.cpp ****   releaseTime    = 0.01;
 880              		.loc 1 15 3 view .LVU220
  16:open303/Source/DSPCode/rosic_AnalogEnvelope.cpp ****   endLevel       = 0.0;
 881              		.loc 1 16 3 view .LVU221
  17:open303/Source/DSPCode/rosic_AnalogEnvelope.cpp ****   time           = 0.0;
 882              		.loc 1 17 3 view .LVU222
  18:open303/Source/DSPCode/rosic_AnalogEnvelope.cpp ****   timeScale      = 1.0;
 883              		.loc 1 18 3 view .LVU223
  19:open303/Source/DSPCode/rosic_AnalogEnvelope.cpp ****   peakByVel      = 1.0;
 884              		.loc 1 19 3 view .LVU224
  20:open303/Source/DSPCode/rosic_AnalogEnvelope.cpp ****   peakByKey      = 1.0;
 885              		.loc 1 20 3 view .LVU225
  21:open303/Source/DSPCode/rosic_AnalogEnvelope.cpp ****   timeScaleByVel = 1.0;
 886              		.loc 1 21 3 view .LVU226
  22:open303/Source/DSPCode/rosic_AnalogEnvelope.cpp ****   timeScaleByKey = 1.0;
 887              		.loc 1 22 3 view .LVU227
  23:open303/Source/DSPCode/rosic_AnalogEnvelope.cpp ****   increment      = 1000.0*timeScale/sampleRate;
 888              		.loc 1 23 3 view .LVU228
  24:open303/Source/DSPCode/rosic_AnalogEnvelope.cpp ****   tauScale       = 1.0;
 889              		.loc 1 24 3 view .LVU229
  25:open303/Source/DSPCode/rosic_AnalogEnvelope.cpp ****   peakScale      = 1.0;
 890              		.loc 1 25 3 view .LVU230
  26:open303/Source/DSPCode/rosic_AnalogEnvelope.cpp ****   noteIsOn       = false;
 891              		.loc 1 26 3 view .LVU231
  27:open303/Source/DSPCode/rosic_AnalogEnvelope.cpp ****   outputIsZero   = true;
 892              		.loc 1 27 3 view .LVU232
  28:open303/Source/DSPCode/rosic_AnalogEnvelope.cpp **** 
 893              		.loc 1 28 3 view .LVU233
  30:open303/Source/DSPCode/rosic_AnalogEnvelope.cpp **** 
 894              		.loc 1 30 3 view .LVU234
  33:open303/Source/DSPCode/rosic_AnalogEnvelope.cpp ****   setDecay(decayTime);
 895              		.loc 1 33 3 view .LVU235
 896              	.LBB31:
 897              	.LBI31:
  60:open303/Source/DSPCode/rosic_AnalogEnvelope.cpp **** {
 898              		.loc 1 60 6 view .LVU236
  62:open303/Source/DSPCode/rosic_AnalogEnvelope.cpp ****   {
ARM GAS  /var/folders/7j/7n_15nxd0bx4q178nq7r8qsr0000gn/T//ccrVaF8v.s 			page 23


 899              		.loc 1 62 3 view .LVU237
 900              	.LBB32:
  70:open303/Source/DSPCode/rosic_AnalogEnvelope.cpp ****     attackCoeff = 1.0;
 901              		.loc 1 70 5 view .LVU238
  71:open303/Source/DSPCode/rosic_AnalogEnvelope.cpp ****   }
 902              		.loc 1 71 5 view .LVU239
 903              	.LBE32:
 904              	.LBE31:
  12:open303/Source/DSPCode/rosic_AnalogEnvelope.cpp ****   holdTime       = 0.0;
 905              		.loc 1 12 18 is_stmt 0 view .LVU240
 906 0000 0022     		movs	r2, #0
 907 0002 2F4B     		ldr	r3, .L61+32
 908              	.LBE30:
   7:open303/Source/DSPCode/rosic_AnalogEnvelope.cpp **** {
 909              		.loc 1 7 1 view .LVU241
 910 0004 2DE9D043 		push	{r4, r6, r7, r8, r9, lr}
 911              		.cfi_def_cfa_offset 24
 912              		.cfi_offset 4, -24
 913              		.cfi_offset 6, -20
 914              		.cfi_offset 7, -16
 915              		.cfi_offset 8, -12
 916              		.cfi_offset 9, -8
 917              		.cfi_offset 14, -4
 918              	.LBB36:
  15:open303/Source/DSPCode/rosic_AnalogEnvelope.cpp ****   releaseTime    = 0.01;
 919              		.loc 1 15 18 view .LVU242
 920 0008 4FF00008 		mov	r8, #0
 921 000c DFF8B490 		ldr	r9, .L61+36
  10:open303/Source/DSPCode/rosic_AnalogEnvelope.cpp ****   attackTime     = 0.0;
 922              		.loc 1 10 18 view .LVU243
 923 0010 0026     		movs	r6, #0
 924 0012 0027     		movs	r7, #0
 925              	.LBE36:
   7:open303/Source/DSPCode/rosic_AnalogEnvelope.cpp **** {
 926              		.loc 1 7 1 view .LVU244
 927 0014 0446     		mov	r4, r0
 928 0016 2DED028B 		vpush.64	{d8}
 929              		.cfi_def_cfa_offset 32
 930              		.cfi_offset 80, -32
 931              		.cfi_offset 81, -28
 932              	.LBB37:
  12:open303/Source/DSPCode/rosic_AnalogEnvelope.cpp ****   holdTime       = 0.0;
 933              		.loc 1 12 18 view .LVU245
 934 001a C0E90223 		strd	r2, [r0, #8]
  20:open303/Source/DSPCode/rosic_AnalogEnvelope.cpp ****   peakByKey      = 1.0;
 935              		.loc 1 20 18 view .LVU246
 936 001e C0E91023 		strd	r2, [r0, #64]
  21:open303/Source/DSPCode/rosic_AnalogEnvelope.cpp ****   timeScaleByVel = 1.0;
 937              		.loc 1 21 18 view .LVU247
 938 0022 C0E91223 		strd	r2, [r0, #72]
  22:open303/Source/DSPCode/rosic_AnalogEnvelope.cpp ****   timeScaleByKey = 1.0;
 939              		.loc 1 22 18 view .LVU248
 940 0026 C0E91423 		strd	r2, [r0, #80]
  23:open303/Source/DSPCode/rosic_AnalogEnvelope.cpp ****   increment      = 1000.0*timeScale/sampleRate;
 941              		.loc 1 23 18 view .LVU249
 942 002a C0E91623 		strd	r2, [r0, #88]
  19:open303/Source/DSPCode/rosic_AnalogEnvelope.cpp ****   peakByVel      = 1.0;
ARM GAS  /var/folders/7j/7n_15nxd0bx4q178nq7r8qsr0000gn/T//ccrVaF8v.s 			page 24


 943              		.loc 1 19 18 view .LVU250
 944 002e C0E92023 		strd	r2, [r0, #128]
  25:open303/Source/DSPCode/rosic_AnalogEnvelope.cpp ****   peakScale      = 1.0;
 945              		.loc 1 25 18 view .LVU251
 946 0032 C0E92423 		strd	r2, [r0, #144]
  26:open303/Source/DSPCode/rosic_AnalogEnvelope.cpp ****   noteIsOn       = false;
 947              		.loc 1 26 18 view .LVU252
 948 0036 C0E92623 		strd	r2, [r0, #152]
 949              	.LBB34:
 950              	.LBB33:
  71:open303/Source/DSPCode/rosic_AnalogEnvelope.cpp ****   }
 951              		.loc 1 71 17 view .LVU253
 952 003a C0E92823 		strd	r2, [r0, #160]
 953              	.LBE33:
 954              	.LBE34:
   9:open303/Source/DSPCode/rosic_AnalogEnvelope.cpp ****   startLevel     = 0.0;
 955              		.loc 1 9 18 view .LVU254
 956 003e 18A3     		adr	r3, .L61
 957 0040 D3E90023 		ldrd	r2, [r3]
  14:open303/Source/DSPCode/rosic_AnalogEnvelope.cpp ****   sustainLevel   = 0.5;
 958              		.loc 1 14 18 view .LVU255
 959 0044 9FED180B 		vldr.64	d0, .L61+8
  16:open303/Source/DSPCode/rosic_AnalogEnvelope.cpp ****   endLevel       = 0.0;
 960              		.loc 1 16 18 view .LVU256
 961 0048 9FED198B 		vldr.64	d8, .L61+16
   9:open303/Source/DSPCode/rosic_AnalogEnvelope.cpp ****   startLevel     = 0.0;
 962              		.loc 1 9 18 view .LVU257
 963 004c C0E93023 		strd	r2, [r0, #192]
  15:open303/Source/DSPCode/rosic_AnalogEnvelope.cpp ****   releaseTime    = 0.01;
 964              		.loc 1 15 18 view .LVU258
 965 0050 C0E90489 		strd	r8, [r0, #16]
 966              	.LBE37:
   7:open303/Source/DSPCode/rosic_AnalogEnvelope.cpp **** {
 967              		.loc 1 7 32 view .LVU259
 968 0054 0123     		movs	r3, #1
 969              	.LBB38:
  24:open303/Source/DSPCode/rosic_AnalogEnvelope.cpp ****   tauScale       = 1.0;
 970              		.loc 1 24 18 view .LVU260
 971 0056 0FF26009 		adr	r9, .L61+24
 972 005a D9E90089 		ldrd	r8, [r9]
  14:open303/Source/DSPCode/rosic_AnalogEnvelope.cpp ****   sustainLevel   = 0.5;
 973              		.loc 1 14 18 view .LVU261
 974 005e 80ED0C0B 		vstr.64	d0, [r0, #48]
  16:open303/Source/DSPCode/rosic_AnalogEnvelope.cpp ****   endLevel       = 0.0;
 975              		.loc 1 16 18 view .LVU262
 976 0062 80ED0E8B 		vstr.64	d8, [r0, #56]
 977              	.LBE38:
   7:open303/Source/DSPCode/rosic_AnalogEnvelope.cpp **** {
 978              		.loc 1 7 32 view .LVU263
 979 0066 A0F8C830 		strh	r3, [r0, #200]	@ movhi
 980              	.LBB39:
 981              	.LBB35:
  73:open303/Source/DSPCode/rosic_AnalogEnvelope.cpp **** }
 982              		.loc 1 73 3 is_stmt 1 view .LVU264
 983              	.LVL58:
  73:open303/Source/DSPCode/rosic_AnalogEnvelope.cpp **** }
 984              		.loc 1 73 3 is_stmt 0 view .LVU265
ARM GAS  /var/folders/7j/7n_15nxd0bx4q178nq7r8qsr0000gn/T//ccrVaF8v.s 			page 25


 985              	.LBE35:
  34:open303/Source/DSPCode/rosic_AnalogEnvelope.cpp ****   setRelease(releaseTime);
 986              		.loc 1 34 3 is_stmt 1 view .LVU266
  10:open303/Source/DSPCode/rosic_AnalogEnvelope.cpp ****   attackTime     = 0.0;
 987              		.loc 1 10 18 is_stmt 0 view .LVU267
 988 006a C0E90067 		strd	r6, [r0]
  17:open303/Source/DSPCode/rosic_AnalogEnvelope.cpp ****   time           = 0.0;
 989              		.loc 1 17 18 view .LVU268
 990 006e C0E90667 		strd	r6, [r0, #24]
  11:open303/Source/DSPCode/rosic_AnalogEnvelope.cpp ****   peakLevel      = 1.0;
 991              		.loc 1 11 18 view .LVU269
 992 0072 C0E90867 		strd	r6, [r0, #32]
  13:open303/Source/DSPCode/rosic_AnalogEnvelope.cpp ****   decayTime      = 0.1;
 993              		.loc 1 13 18 view .LVU270
 994 0076 C0E90A67 		strd	r6, [r0, #40]
  18:open303/Source/DSPCode/rosic_AnalogEnvelope.cpp ****   timeScale      = 1.0;
 995              		.loc 1 18 18 view .LVU271
 996 007a C0E91E67 		strd	r6, [r0, #120]
  24:open303/Source/DSPCode/rosic_AnalogEnvelope.cpp ****   tauScale       = 1.0;
 997              		.loc 1 24 18 view .LVU272
 998 007e C0E92289 		strd	r8, [r0, #136]
  30:open303/Source/DSPCode/rosic_AnalogEnvelope.cpp **** 
 999              		.loc 1 30 18 view .LVU273
 1000 0082 C0E92E67 		strd	r6, [r0, #184]
  34:open303/Source/DSPCode/rosic_AnalogEnvelope.cpp ****   setRelease(releaseTime);
 1001              		.loc 1 34 11 view .LVU274
 1002 0086 FFF7FEFF 		bl	_ZN5rosic14AnalogEnvelope8setDecayEd
 1003              	.LVL59:
  35:open303/Source/DSPCode/rosic_AnalogEnvelope.cpp **** }
 1004              		.loc 1 35 3 is_stmt 1 view .LVU275
  35:open303/Source/DSPCode/rosic_AnalogEnvelope.cpp **** }
 1005              		.loc 1 35 13 is_stmt 0 view .LVU276
 1006 008a B0EE480B 		vmov.f64	d0, d8
 1007 008e 2046     		mov	r0, r4
 1008 0090 FFF7FEFF 		bl	_ZN5rosic14AnalogEnvelope10setReleaseEd
 1009              	.LVL60:
 1010              	.LBE39:
  36:open303/Source/DSPCode/rosic_AnalogEnvelope.cpp **** 
 1011              		.loc 1 36 1 view .LVU277
 1012 0094 2046     		mov	r0, r4
 1013 0096 BDEC028B 		vldm	sp!, {d8}
 1014              		.cfi_restore 80
 1015              		.cfi_restore 81
 1016              		.cfi_def_cfa_offset 24
 1017 009a BDE8D083 		pop	{r4, r6, r7, r8, r9, pc}
 1018              	.LVL61:
 1019              	.L62:
  36:open303/Source/DSPCode/rosic_AnalogEnvelope.cpp **** 
 1020              		.loc 1 36 1 view .LVU278
 1021 009e 00BF     		.align	3
 1022              	.L61:
 1023 00a0 00000000 		.word	0
 1024 00a4 8088E540 		.word	1088784512
 1025 00a8 9A999999 		.word	-1717986918
 1026 00ac 9999B93F 		.word	1069128089
 1027 00b0 7B14AE47 		.word	1202590843
 1028 00b4 E17A843F 		.word	1065646817
ARM GAS  /var/folders/7j/7n_15nxd0bx4q178nq7r8qsr0000gn/T//ccrVaF8v.s 			page 26


 1029 00b8 CE05A6F2 		.word	-224000562
 1030 00bc 4E38973F 		.word	1066874958
 1031 00c0 0000F03F 		.word	1072693248
 1032 00c4 0000E03F 		.word	1071644672
 1033              		.cfi_endproc
 1034              	.LFE639:
 1036              		.global	_ZN5rosic14AnalogEnvelopeC1Ev
 1037              		.thumb_set _ZN5rosic14AnalogEnvelopeC1Ev,_ZN5rosic14AnalogEnvelopeC2Ev
 1038              		.text
 1039              	.Letext0:
 1040              		.file 2 "/Applications/ArmGNUToolchain/15.2.rel1/arm-none-eabi/arm-none-eabi/include/c++/15.2.1/cm
 1041              		.file 3 "/Applications/ArmGNUToolchain/15.2.rel1/arm-none-eabi/arm-none-eabi/include/c++/15.2.1/bi
 1042              		.file 4 "/Applications/ArmGNUToolchain/15.2.rel1/arm-none-eabi/arm-none-eabi/include/c++/15.2.1/cs
 1043              		.file 5 "/Applications/ArmGNUToolchain/15.2.rel1/arm-none-eabi/lib/gcc/arm-none-eabi/15.2.1/includ
 1044              		.file 6 "/Applications/ArmGNUToolchain/15.2.rel1/arm-none-eabi/arm-none-eabi/include/math.h"
 1045              		.file 7 "/Applications/ArmGNUToolchain/15.2.rel1/arm-none-eabi/arm-none-eabi/include/stdlib.h"
 1046              		.file 8 "/Applications/ArmGNUToolchain/15.2.rel1/arm-none-eabi/arm-none-eabi/include/c++/15.2.1/ma
 1047              		.file 9 "/Applications/ArmGNUToolchain/15.2.rel1/arm-none-eabi/arm-none-eabi/include/c++/15.2.1/st
 1048              		.file 10 "/Applications/ArmGNUToolchain/15.2.rel1/arm-none-eabi/arm-none-eabi/include/c++/15.2.1/a
 1049              		.file 11 "open303/Source/DSPCode/rosic_NumberManipulations.h"
 1050              		.file 12 "open303/Source/DSPCode/rosic_AnalogEnvelope.h"
ARM GAS  /var/folders/7j/7n_15nxd0bx4q178nq7r8qsr0000gn/T//ccrVaF8v.s 			page 27


DEFINED SYMBOLS
                            *ABS*:00000000 rosic_AnalogEnvelope.cpp
/var/folders/7j/7n_15nxd0bx4q178nq7r8qsr0000gn/T//ccrVaF8v.s:20     .text._ZN5rosic14AnalogEnvelopeD2Ev:00000000 $t
/var/folders/7j/7n_15nxd0bx4q178nq7r8qsr0000gn/T//ccrVaF8v.s:26     .text._ZN5rosic14AnalogEnvelopeD2Ev:00000000 _ZN5rosic14AnalogEnvelopeD2Ev
/var/folders/7j/7n_15nxd0bx4q178nq7r8qsr0000gn/T//ccrVaF8v.s:26     .text._ZN5rosic14AnalogEnvelopeD2Ev:00000000 _ZN5rosic14AnalogEnvelopeD1Ev
/var/folders/7j/7n_15nxd0bx4q178nq7r8qsr0000gn/T//ccrVaF8v.s:42     .text._ZN5rosic14AnalogEnvelope12setPeakScaleEd:00000000 $t
/var/folders/7j/7n_15nxd0bx4q178nq7r8qsr0000gn/T//ccrVaF8v.s:48     .text._ZN5rosic14AnalogEnvelope12setPeakScaleEd:00000000 _ZN5rosic14AnalogEnvelope12setPeakScaleEd
/var/folders/7j/7n_15nxd0bx4q178nq7r8qsr0000gn/T//ccrVaF8v.s:70     .text._ZN5rosic14AnalogEnvelope5resetEv:00000000 $t
/var/folders/7j/7n_15nxd0bx4q178nq7r8qsr0000gn/T//ccrVaF8v.s:76     .text._ZN5rosic14AnalogEnvelope5resetEv:00000000 _ZN5rosic14AnalogEnvelope5resetEv
/var/folders/7j/7n_15nxd0bx4q178nq7r8qsr0000gn/T//ccrVaF8v.s:95     .text._ZN5rosic14AnalogEnvelope6noteOnEb:00000000 $t
/var/folders/7j/7n_15nxd0bx4q178nq7r8qsr0000gn/T//ccrVaF8v.s:101    .text._ZN5rosic14AnalogEnvelope6noteOnEb:00000000 _ZN5rosic14AnalogEnvelope6noteOnEb
/var/folders/7j/7n_15nxd0bx4q178nq7r8qsr0000gn/T//ccrVaF8v.s:132    .text._ZN5rosic14AnalogEnvelope7noteOffEv:00000000 $t
/var/folders/7j/7n_15nxd0bx4q178nq7r8qsr0000gn/T//ccrVaF8v.s:138    .text._ZN5rosic14AnalogEnvelope7noteOffEv:00000000 _ZN5rosic14AnalogEnvelope7noteOffEv
/var/folders/7j/7n_15nxd0bx4q178nq7r8qsr0000gn/T//ccrVaF8v.s:171    .text._ZN5rosic14AnalogEnvelope12endIsReachedEv:00000000 $t
/var/folders/7j/7n_15nxd0bx4q178nq7r8qsr0000gn/T//ccrVaF8v.s:177    .text._ZN5rosic14AnalogEnvelope12endIsReachedEv:00000000 _ZN5rosic14AnalogEnvelope12endIsReachedEv
/var/folders/7j/7n_15nxd0bx4q178nq7r8qsr0000gn/T//ccrVaF8v.s:209    .text._ZN5rosic14AnalogEnvelope12endIsReachedEv:00000028 $d
/var/folders/7j/7n_15nxd0bx4q178nq7r8qsr0000gn/T//ccrVaF8v.s:215    .text._ZN5rosic14AnalogEnvelope25calculateAccumulatedTimesEv:00000000 $t
/var/folders/7j/7n_15nxd0bx4q178nq7r8qsr0000gn/T//ccrVaF8v.s:221    .text._ZN5rosic14AnalogEnvelope25calculateAccumulatedTimesEv:00000000 _ZN5rosic14AnalogEnvelope25calculateAccumulatedTimesEv
/var/folders/7j/7n_15nxd0bx4q178nq7r8qsr0000gn/T//ccrVaF8v.s:256    .text._ZN5rosic14AnalogEnvelope9setAttackEd:00000000 $t
/var/folders/7j/7n_15nxd0bx4q178nq7r8qsr0000gn/T//ccrVaF8v.s:262    .text._ZN5rosic14AnalogEnvelope9setAttackEd:00000000 _ZN5rosic14AnalogEnvelope9setAttackEd
/var/folders/7j/7n_15nxd0bx4q178nq7r8qsr0000gn/T//ccrVaF8v.s:365    .text._ZN5rosic14AnalogEnvelope9setAttackEd:00000068 $d
/var/folders/7j/7n_15nxd0bx4q178nq7r8qsr0000gn/T//ccrVaF8v.s:372    .text._ZN5rosic14AnalogEnvelope7setHoldEd:00000000 $t
/var/folders/7j/7n_15nxd0bx4q178nq7r8qsr0000gn/T//ccrVaF8v.s:378    .text._ZN5rosic14AnalogEnvelope7setHoldEd:00000000 _ZN5rosic14AnalogEnvelope7setHoldEd
/var/folders/7j/7n_15nxd0bx4q178nq7r8qsr0000gn/T//ccrVaF8v.s:402    .text._ZN5rosic14AnalogEnvelope8setDecayEd:00000000 $t
/var/folders/7j/7n_15nxd0bx4q178nq7r8qsr0000gn/T//ccrVaF8v.s:408    .text._ZN5rosic14AnalogEnvelope8setDecayEd:00000000 _ZN5rosic14AnalogEnvelope8setDecayEd
/var/folders/7j/7n_15nxd0bx4q178nq7r8qsr0000gn/T//ccrVaF8v.s:511    .text._ZN5rosic14AnalogEnvelope8setDecayEd:00000068 $d
/var/folders/7j/7n_15nxd0bx4q178nq7r8qsr0000gn/T//ccrVaF8v.s:518    .text._ZN5rosic14AnalogEnvelope10setReleaseEd:00000000 $t
/var/folders/7j/7n_15nxd0bx4q178nq7r8qsr0000gn/T//ccrVaF8v.s:524    .text._ZN5rosic14AnalogEnvelope10setReleaseEd:00000000 _ZN5rosic14AnalogEnvelope10setReleaseEd
/var/folders/7j/7n_15nxd0bx4q178nq7r8qsr0000gn/T//ccrVaF8v.s:627    .text._ZN5rosic14AnalogEnvelope10setReleaseEd:00000068 $d
/var/folders/7j/7n_15nxd0bx4q178nq7r8qsr0000gn/T//ccrVaF8v.s:634    .text._ZN5rosic14AnalogEnvelope13setSampleRateEd:00000000 $t
/var/folders/7j/7n_15nxd0bx4q178nq7r8qsr0000gn/T//ccrVaF8v.s:640    .text._ZN5rosic14AnalogEnvelope13setSampleRateEd:00000000 _ZN5rosic14AnalogEnvelope13setSampleRateEd
/var/folders/7j/7n_15nxd0bx4q178nq7r8qsr0000gn/T//ccrVaF8v.s:709    .text._ZN5rosic14AnalogEnvelope13setSampleRateEd:00000050 $d
/var/folders/7j/7n_15nxd0bx4q178nq7r8qsr0000gn/T//ccrVaF8v.s:715    .text._ZN5rosic14AnalogEnvelope12setTimeScaleEd:00000000 $t
/var/folders/7j/7n_15nxd0bx4q178nq7r8qsr0000gn/T//ccrVaF8v.s:721    .text._ZN5rosic14AnalogEnvelope12setTimeScaleEd:00000000 _ZN5rosic14AnalogEnvelope12setTimeScaleEd
/var/folders/7j/7n_15nxd0bx4q178nq7r8qsr0000gn/T//ccrVaF8v.s:790    .text._ZN5rosic14AnalogEnvelope12setTimeScaleEd:00000050 $d
/var/folders/7j/7n_15nxd0bx4q178nq7r8qsr0000gn/T//ccrVaF8v.s:796    .text._ZN5rosic14AnalogEnvelope11setTauScaleEd:00000000 $t
/var/folders/7j/7n_15nxd0bx4q178nq7r8qsr0000gn/T//ccrVaF8v.s:802    .text._ZN5rosic14AnalogEnvelope11setTauScaleEd:00000000 _ZN5rosic14AnalogEnvelope11setTauScaleEd
/var/folders/7j/7n_15nxd0bx4q178nq7r8qsr0000gn/T//ccrVaF8v.s:860    .text._ZN5rosic14AnalogEnvelopeC2Ev:00000000 $t
/var/folders/7j/7n_15nxd0bx4q178nq7r8qsr0000gn/T//ccrVaF8v.s:866    .text._ZN5rosic14AnalogEnvelopeC2Ev:00000000 _ZN5rosic14AnalogEnvelopeC2Ev
/var/folders/7j/7n_15nxd0bx4q178nq7r8qsr0000gn/T//ccrVaF8v.s:1023   .text._ZN5rosic14AnalogEnvelopeC2Ev:000000a0 $d
/var/folders/7j/7n_15nxd0bx4q178nq7r8qsr0000gn/T//ccrVaF8v.s:866    .text._ZN5rosic14AnalogEnvelopeC2Ev:00000000 _ZN5rosic14AnalogEnvelopeC1Ev

UNDEFINED SYMBOLS
exp
